#! /c/Source/iverilog-install/bin/vvp
:ivl_version "12.0 (devel)" "(s20150603-1539-g2693dd32b)";
:ivl_delay_selection "TYPICAL";
:vpi_time_precision - 12;
:vpi_module "C:\iverilog\lib\ivl\system.vpi";
:vpi_module "C:\iverilog\lib\ivl\vhdl_sys.vpi";
:vpi_module "C:\iverilog\lib\ivl\vhdl_textio.vpi";
:vpi_module "C:\iverilog\lib\ivl\v2005_math.vpi";
:vpi_module "C:\iverilog\lib\ivl\va_math.vpi";
S_00000265a7e242e0 .scope module, "gan_tb" "gan_tb" 2 2;
 .timescale -9 -12;
P_00000265a7e76f30 .param/l "WIDTH" 0 2 4, +C4<00000000000000000000000000001000>;
P_00000265a7e76f68 .param/l "WIDTH_L8" 0 2 5, +C4<00000000000000000000000001001101>;
v00000265a7ef9b80_0 .var/s "b1_1", 7 0;
v00000265a7ef9540_0 .var/s "b1_2", 7 0;
v00000265a7ef8960_0 .var/s "b1_3", 7 0;
v00000265a7ef90e0_0 .var/s "b1_4", 7 0;
v00000265a7ef9180_0 .var/s "b2_1", 7 0;
v00000265a7ef97c0_0 .var/s "b2_2", 7 0;
v00000265a7ef8fa0_0 .var/s "b3_1", 7 0;
v00000265a7ef9a40_0 .var/s "b4_1", 7 0;
v00000265a7ef8320_0 .var/s "b5_1", 7 0;
v00000265a7ef8c80_0 .var/s "b6_1", 7 0;
v00000265a7ef9ea0_0 .var/s "b6_2", 7 0;
v00000265a7ef9c20_0 .var/s "b7_1", 7 0;
v00000265a7ef9fe0_0 .var/s "b7_2", 7 0;
v00000265a7ef8140_0 .var/s "b7_3", 7 0;
v00000265a7ef9cc0_0 .var/s "b7_4", 7 0;
v00000265a7ef81e0_0 .var/s "b8_1", 7 0;
v00000265a7ef8f00_0 .var/s "b8_2", 7 0;
v00000265a7ef8d20_0 .var/s "b8_3", 7 0;
v00000265a7ef9860_0 .var/s "b8_4", 7 0;
v00000265a7ef83c0_0 .var "clk", 0 0;
v00000265a7ef8500_0 .net/s "out1", 76 0, v00000265a7ef6e80_0;  1 drivers
v00000265a7ef9720_0 .net/s "out2", 76 0, v00000265a7ef56c0_0;  1 drivers
v00000265a7ef85a0_0 .net/s "out3", 76 0, v00000265a7ef6660_0;  1 drivers
v00000265a7ef9400_0 .net/s "out4", 76 0, v00000265a7ef5620_0;  1 drivers
v00000265a7ef9040_0 .var "rst", 0 0;
v00000265a7ef8e60_0 .var/s "w1_11", 7 0;
v00000265a7ef8280_0 .var/s "w1_12", 7 0;
v00000265a7ef9680_0 .var/s "w1_13", 7 0;
v00000265a7ef8640_0 .var/s "w1_14", 7 0;
v00000265a7ef9900_0 .var/s "w1_21", 7 0;
v00000265a7ef99a0_0 .var/s "w1_22", 7 0;
v00000265a7ef8aa0_0 .var/s "w1_23", 7 0;
v00000265a7ef9d60_0 .var/s "w1_24", 7 0;
v00000265a7ef9220_0 .var/s "w1_31", 7 0;
v00000265a7ef86e0_0 .var/s "w1_32", 7 0;
v00000265a7ef8780_0 .var/s "w1_33", 7 0;
v00000265a7ef88c0_0 .var/s "w1_34", 7 0;
v00000265a7efa330_0 .var/s "w1_41", 7 0;
v00000265a7efa470_0 .var/s "w1_42", 7 0;
v00000265a7efb0f0_0 .var/s "w1_43", 7 0;
v00000265a7efabf0_0 .var/s "w1_44", 7 0;
v00000265a7efbd70_0 .var/s "w2_11", 7 0;
v00000265a7efb7d0_0 .var/s "w2_12", 7 0;
v00000265a7efac90_0 .var/s "w2_13", 7 0;
v00000265a7efb190_0 .var/s "w2_14", 7 0;
v00000265a7efa3d0_0 .var/s "w2_21", 7 0;
v00000265a7efbe10_0 .var/s "w2_22", 7 0;
v00000265a7efa650_0 .var/s "w2_23", 7 0;
v00000265a7efb230_0 .var/s "w2_24", 7 0;
v00000265a7efb910_0 .var/s "w3_11", 7 0;
v00000265a7efa6f0_0 .var/s "w3_21", 7 0;
v00000265a7efa510_0 .var/s "w4_11", 7 0;
v00000265a7efb2d0_0 .var/s "w5_11", 7 0;
v00000265a7efb370_0 .var/s "w6_11", 7 0;
v00000265a7efb690_0 .var/s "w6_12", 7 0;
v00000265a7efba50_0 .var/s "w7_11", 7 0;
v00000265a7efa5b0_0 .var/s "w7_12", 7 0;
v00000265a7efb870_0 .var/s "w7_13", 7 0;
v00000265a7efb9b0_0 .var/s "w7_14", 7 0;
v00000265a7efafb0_0 .var/s "w7_21", 7 0;
v00000265a7efbcd0_0 .var/s "w7_22", 7 0;
v00000265a7efa790_0 .var/s "w7_23", 7 0;
v00000265a7efbeb0_0 .var/s "w7_24", 7 0;
v00000265a7efb550_0 .var/s "w8_11", 7 0;
v00000265a7efbf50_0 .var/s "w8_12", 7 0;
v00000265a7efb730_0 .var/s "w8_13", 7 0;
v00000265a7efbff0_0 .var/s "w8_14", 7 0;
v00000265a7efa290_0 .var/s "w8_21", 7 0;
v00000265a7efa150_0 .var/s "w8_22", 7 0;
v00000265a7efa1f0_0 .var/s "w8_23", 7 0;
v00000265a7efb410_0 .var/s "w8_24", 7 0;
v00000265a7efa830_0 .var/s "w8_31", 7 0;
v00000265a7efa8d0_0 .var/s "w8_32", 7 0;
v00000265a7efa970_0 .var/s "w8_33", 7 0;
v00000265a7efaa10_0 .var/s "w8_34", 7 0;
v00000265a7efaab0_0 .var/s "w8_41", 7 0;
v00000265a7efb4b0_0 .var/s "w8_42", 7 0;
v00000265a7efbaf0_0 .var/s "w8_43", 7 0;
v00000265a7efbb90_0 .var/s "w8_44", 7 0;
v00000265a7efab50_0 .var/s "x_1", 7 0;
v00000265a7efbc30_0 .var/s "x_2", 7 0;
v00000265a7efad30_0 .var/s "x_3", 7 0;
v00000265a7efadd0_0 .var/s "x_4", 7 0;
S_00000265a7bbbe00 .scope module, "uut" "gan_v2" 2 58, 3 1 0, S_00000265a7e242e0;
 .timescale 0 0;
    .port_info 0 /INPUT 1 "clk";
    .port_info 1 /INPUT 1 "rst";
    .port_info 2 /INPUT 8 "x_1";
    .port_info 3 /INPUT 8 "x_2";
    .port_info 4 /INPUT 8 "x_3";
    .port_info 5 /INPUT 8 "x_4";
    .port_info 6 /INPUT 8 "w1_11";
    .port_info 7 /INPUT 8 "w1_12";
    .port_info 8 /INPUT 8 "w1_13";
    .port_info 9 /INPUT 8 "w1_14";
    .port_info 10 /INPUT 8 "w1_21";
    .port_info 11 /INPUT 8 "w1_22";
    .port_info 12 /INPUT 8 "w1_23";
    .port_info 13 /INPUT 8 "w1_24";
    .port_info 14 /INPUT 8 "w1_31";
    .port_info 15 /INPUT 8 "w1_32";
    .port_info 16 /INPUT 8 "w1_33";
    .port_info 17 /INPUT 8 "w1_34";
    .port_info 18 /INPUT 8 "w1_41";
    .port_info 19 /INPUT 8 "w1_42";
    .port_info 20 /INPUT 8 "w1_43";
    .port_info 21 /INPUT 8 "w1_44";
    .port_info 22 /INPUT 8 "b1_1";
    .port_info 23 /INPUT 8 "b1_2";
    .port_info 24 /INPUT 8 "b1_3";
    .port_info 25 /INPUT 8 "b1_4";
    .port_info 26 /INPUT 8 "w2_11";
    .port_info 27 /INPUT 8 "w2_12";
    .port_info 28 /INPUT 8 "w2_13";
    .port_info 29 /INPUT 8 "w2_14";
    .port_info 30 /INPUT 8 "w2_21";
    .port_info 31 /INPUT 8 "w2_22";
    .port_info 32 /INPUT 8 "w2_23";
    .port_info 33 /INPUT 8 "w2_24";
    .port_info 34 /INPUT 8 "b2_1";
    .port_info 35 /INPUT 8 "b2_2";
    .port_info 36 /INPUT 8 "w3_11";
    .port_info 37 /INPUT 8 "w3_21";
    .port_info 38 /INPUT 8 "b3_1";
    .port_info 39 /INPUT 8 "w4_11";
    .port_info 40 /INPUT 8 "b4_1";
    .port_info 41 /INPUT 8 "w5_11";
    .port_info 42 /INPUT 8 "b5_1";
    .port_info 43 /INPUT 8 "w6_11";
    .port_info 44 /INPUT 8 "w6_12";
    .port_info 45 /INPUT 8 "b6_1";
    .port_info 46 /INPUT 8 "b6_2";
    .port_info 47 /INPUT 8 "w7_11";
    .port_info 48 /INPUT 8 "w7_12";
    .port_info 49 /INPUT 8 "w7_13";
    .port_info 50 /INPUT 8 "w7_14";
    .port_info 51 /INPUT 8 "w7_21";
    .port_info 52 /INPUT 8 "w7_22";
    .port_info 53 /INPUT 8 "w7_23";
    .port_info 54 /INPUT 8 "w7_24";
    .port_info 55 /INPUT 8 "b7_1";
    .port_info 56 /INPUT 8 "b7_2";
    .port_info 57 /INPUT 8 "b7_3";
    .port_info 58 /INPUT 8 "b7_4";
    .port_info 59 /INPUT 8 "w8_11";
    .port_info 60 /INPUT 8 "w8_12";
    .port_info 61 /INPUT 8 "w8_13";
    .port_info 62 /INPUT 8 "w8_14";
    .port_info 63 /INPUT 8 "w8_21";
    .port_info 64 /INPUT 8 "w8_22";
    .port_info 65 /INPUT 8 "w8_23";
    .port_info 66 /INPUT 8 "w8_24";
    .port_info 67 /INPUT 8 "w8_31";
    .port_info 68 /INPUT 8 "w8_32";
    .port_info 69 /INPUT 8 "w8_33";
    .port_info 70 /INPUT 8 "w8_34";
    .port_info 71 /INPUT 8 "w8_41";
    .port_info 72 /INPUT 8 "w8_42";
    .port_info 73 /INPUT 8 "w8_43";
    .port_info 74 /INPUT 8 "w8_44";
    .port_info 75 /INPUT 8 "b8_1";
    .port_info 76 /INPUT 8 "b8_2";
    .port_info 77 /INPUT 8 "b8_3";
    .port_info 78 /INPUT 8 "b8_4";
    .port_info 79 /OUTPUT 77 "out1";
    .port_info 80 /OUTPUT 77 "out2";
    .port_info 81 /OUTPUT 77 "out3";
    .port_info 82 /OUTPUT 77 "out4";
P_00000265a7e427c0 .param/l "WIDTH" 0 3 2, +C4<00000000000000000000000000001000>;
P_00000265a7e427f8 .param/l "WIDTH_L1" 0 3 2, +C4<00000000000000000000000000010010>;
P_00000265a7e42830 .param/l "WIDTH_L2" 0 3 3, +C4<00000000000000000000000000011100>;
P_00000265a7e42868 .param/l "WIDTH_L3" 0 3 4, +C4<00000000000000000000000000100101>;
P_00000265a7e428a0 .param/l "WIDTH_L4" 0 3 5, +C4<00000000000000000000000000101101>;
P_00000265a7e428d8 .param/l "WIDTH_L5" 0 3 6, +C4<00000000000000000000000000110101>;
P_00000265a7e42910 .param/l "WIDTH_L6" 0 3 7, +C4<00000000000000000000000000111101>;
P_00000265a7e42948 .param/l "WIDTH_L7" 0 3 8, +C4<00000000000000000000000001000101>;
P_00000265a7e42980 .param/l "WIDTH_L8" 0 3 9, +C4<00000000000000000000000001001101>;
v00000265a7e429c0_0 .net/s "b1_1", 7 0, v00000265a7ef9b80_0;  1 drivers
v00000265a7e85140_0 .net/s "b1_2", 7 0, v00000265a7ef9540_0;  1 drivers
v00000265a7e24780_0 .net/s "b1_3", 7 0, v00000265a7ef8960_0;  1 drivers
v00000265a7df2d20_0 .net/s "b1_4", 7 0, v00000265a7ef90e0_0;  1 drivers
v00000265a7df2e90_0 .net/s "b2_1", 7 0, v00000265a7ef9180_0;  1 drivers
v00000265a7e23ec0_0 .net/s "b2_2", 7 0, v00000265a7ef97c0_0;  1 drivers
v00000265a7e240a0_0 .net/s "b3_1", 7 0, v00000265a7ef8fa0_0;  1 drivers
v00000265a7df2a10_0 .net/s "b4_1", 7 0, v00000265a7ef9a40_0;  1 drivers
v00000265a7df2ab0_0 .net/s "b5_1", 7 0, v00000265a7ef8320_0;  1 drivers
v00000265a7df2b50_0 .net/s "b6_1", 7 0, v00000265a7ef8c80_0;  1 drivers
v00000265a7e5c7a0_0 .net/s "b6_2", 7 0, v00000265a7ef9ea0_0;  1 drivers
v00000265a7e5c840_0 .net/s "b7_1", 7 0, v00000265a7ef9c20_0;  1 drivers
v00000265a7e5c8e0_0 .net/s "b7_2", 7 0, v00000265a7ef9fe0_0;  1 drivers
v00000265a7e5c980_0 .net/s "b7_3", 7 0, v00000265a7ef8140_0;  1 drivers
v00000265a7ef4930_0 .net/s "b7_4", 7 0, v00000265a7ef9cc0_0;  1 drivers
v00000265a7ef4bb0_0 .net/s "b8_1", 7 0, v00000265a7ef81e0_0;  1 drivers
v00000265a7ef4c50_0 .net/s "b8_2", 7 0, v00000265a7ef8f00_0;  1 drivers
v00000265a7ef4390_0 .net/s "b8_3", 7 0, v00000265a7ef8d20_0;  1 drivers
v00000265a7ef4cf0_0 .net/s "b8_4", 7 0, v00000265a7ef9860_0;  1 drivers
v00000265a7ef4d90_0 .net "clk", 0 0, v00000265a7ef83c0_0;  1 drivers
v00000265a7ef46b0_0 .var/s "l1_1", 17 0;
v00000265a7ef42f0_0 .var/s "l1_2", 17 0;
v00000265a7ef4e30_0 .var/s "l1_3", 17 0;
v00000265a7ef4750_0 .var/s "l1_4", 17 0;
v00000265a7ef4250_0 .var/s "l2_1", 27 0;
v00000265a7ef49d0_0 .var/s "l2_2", 27 0;
v00000265a7ef41b0_0 .var/s "l3_1", 36 0;
v00000265a7ef4ed0_0 .var/s "l4_1", 44 0;
v00000265a7ef4430_0 .var/s "l5_1", 52 0;
v00000265a7ef4b10_0 .var/s "l6_1", 60 0;
v00000265a7ef44d0_0 .var/s "l6_2", 60 0;
v00000265a7ef4a70_0 .var/s "l7_1", 68 0;
v00000265a7ef47f0_0 .var/s "l7_2", 68 0;
v00000265a7ef4570_0 .var/s "l7_3", 68 0;
v00000265a7ef4890_0 .var/s "l7_4", 68 0;
v00000265a7ef4610_0 .var/s "l8_1", 76 0;
v00000265a7ef4f70_0 .var/s "l8_2", 76 0;
v00000265a7ef5010_0 .var/s "l8_3", 76 0;
v00000265a7ef4110_0 .var/s "l8_4", 76 0;
v00000265a7ef6e80_0 .var/s "out1", 76 0;
v00000265a7ef56c0_0 .var/s "out2", 76 0;
v00000265a7ef6660_0 .var/s "out3", 76 0;
v00000265a7ef5620_0 .var/s "out4", 76 0;
v00000265a7ef59e0_0 .net "rst", 0 0, v00000265a7ef9040_0;  1 drivers
v00000265a7ef6b60_0 .net/s "w1_11", 7 0, v00000265a7ef8e60_0;  1 drivers
v00000265a7ef60c0_0 .net/s "w1_12", 7 0, v00000265a7ef8280_0;  1 drivers
v00000265a7ef5440_0 .net/s "w1_13", 7 0, v00000265a7ef9680_0;  1 drivers
v00000265a7ef6160_0 .net/s "w1_14", 7 0, v00000265a7ef8640_0;  1 drivers
v00000265a7ef6fc0_0 .net/s "w1_21", 7 0, v00000265a7ef9900_0;  1 drivers
v00000265a7ef5800_0 .net/s "w1_22", 7 0, v00000265a7ef99a0_0;  1 drivers
v00000265a7ef5b20_0 .net/s "w1_23", 7 0, v00000265a7ef8aa0_0;  1 drivers
v00000265a7ef6480_0 .net/s "w1_24", 7 0, v00000265a7ef9d60_0;  1 drivers
v00000265a7ef62a0_0 .net/s "w1_31", 7 0, v00000265a7ef9220_0;  1 drivers
v00000265a7ef5300_0 .net/s "w1_32", 7 0, v00000265a7ef86e0_0;  1 drivers
v00000265a7ef6520_0 .net/s "w1_33", 7 0, v00000265a7ef8780_0;  1 drivers
v00000265a7ef5ee0_0 .net/s "w1_34", 7 0, v00000265a7ef88c0_0;  1 drivers
v00000265a7ef6c00_0 .net/s "w1_41", 7 0, v00000265a7efa330_0;  1 drivers
v00000265a7ef6980_0 .net/s "w1_42", 7 0, v00000265a7efa470_0;  1 drivers
v00000265a7ef6a20_0 .net/s "w1_43", 7 0, v00000265a7efb0f0_0;  1 drivers
v00000265a7ef6de0_0 .net/s "w1_44", 7 0, v00000265a7efabf0_0;  1 drivers
v00000265a7ef5580_0 .net/s "w2_11", 7 0, v00000265a7efbd70_0;  1 drivers
v00000265a7ef6200_0 .net/s "w2_12", 7 0, v00000265a7efb7d0_0;  1 drivers
v00000265a7ef6ac0_0 .net/s "w2_13", 7 0, v00000265a7efac90_0;  1 drivers
v00000265a7ef5d00_0 .net/s "w2_14", 7 0, v00000265a7efb190_0;  1 drivers
v00000265a7ef65c0_0 .net/s "w2_21", 7 0, v00000265a7efa3d0_0;  1 drivers
v00000265a7ef5da0_0 .net/s "w2_22", 7 0, v00000265a7efbe10_0;  1 drivers
v00000265a7ef6ca0_0 .net/s "w2_23", 7 0, v00000265a7efa650_0;  1 drivers
v00000265a7ef6d40_0 .net/s "w2_24", 7 0, v00000265a7efb230_0;  1 drivers
v00000265a7ef6700_0 .net/s "w3_11", 7 0, v00000265a7efb910_0;  1 drivers
v00000265a7ef5e40_0 .net/s "w3_21", 7 0, v00000265a7efa6f0_0;  1 drivers
v00000265a7ef5760_0 .net/s "w4_11", 7 0, v00000265a7efa510_0;  1 drivers
v00000265a7ef6f20_0 .net/s "w5_11", 7 0, v00000265a7efb2d0_0;  1 drivers
v00000265a7ef5f80_0 .net/s "w6_11", 7 0, v00000265a7efb370_0;  1 drivers
v00000265a7ef54e0_0 .net/s "w6_12", 7 0, v00000265a7efb690_0;  1 drivers
v00000265a7ef6340_0 .net/s "w7_11", 7 0, v00000265a7efba50_0;  1 drivers
v00000265a7ef5260_0 .net/s "w7_12", 7 0, v00000265a7efa5b0_0;  1 drivers
v00000265a7ef5120_0 .net/s "w7_13", 7 0, v00000265a7efb870_0;  1 drivers
v00000265a7ef58a0_0 .net/s "w7_14", 7 0, v00000265a7efb9b0_0;  1 drivers
v00000265a7ef67a0_0 .net/s "w7_21", 7 0, v00000265a7efafb0_0;  1 drivers
v00000265a7ef53a0_0 .net/s "w7_22", 7 0, v00000265a7efbcd0_0;  1 drivers
v00000265a7ef63e0_0 .net/s "w7_23", 7 0, v00000265a7efa790_0;  1 drivers
v00000265a7ef6020_0 .net/s "w7_24", 7 0, v00000265a7efbeb0_0;  1 drivers
v00000265a7ef5940_0 .net/s "w8_11", 7 0, v00000265a7efb550_0;  1 drivers
v00000265a7ef6840_0 .net/s "w8_12", 7 0, v00000265a7efbf50_0;  1 drivers
v00000265a7ef5a80_0 .net/s "w8_13", 7 0, v00000265a7efb730_0;  1 drivers
v00000265a7ef5bc0_0 .net/s "w8_14", 7 0, v00000265a7efbff0_0;  1 drivers
v00000265a7ef68e0_0 .net/s "w8_21", 7 0, v00000265a7efa290_0;  1 drivers
v00000265a7ef5c60_0 .net/s "w8_22", 7 0, v00000265a7efa150_0;  1 drivers
v00000265a7ef51c0_0 .net/s "w8_23", 7 0, v00000265a7efa1f0_0;  1 drivers
v00000265a7ef9f40_0 .net/s "w8_24", 7 0, v00000265a7efb410_0;  1 drivers
v00000265a7ef92c0_0 .net/s "w8_31", 7 0, v00000265a7efa830_0;  1 drivers
v00000265a7ef8dc0_0 .net/s "w8_32", 7 0, v00000265a7efa8d0_0;  1 drivers
v00000265a7ef8a00_0 .net/s "w8_33", 7 0, v00000265a7efa970_0;  1 drivers
v00000265a7ef9e00_0 .net/s "w8_34", 7 0, v00000265a7efaa10_0;  1 drivers
v00000265a7ef95e0_0 .net/s "w8_41", 7 0, v00000265a7efaab0_0;  1 drivers
v00000265a7ef8460_0 .net/s "w8_42", 7 0, v00000265a7efb4b0_0;  1 drivers
v00000265a7ef8be0_0 .net/s "w8_43", 7 0, v00000265a7efbaf0_0;  1 drivers
v00000265a7ef9ae0_0 .net/s "w8_44", 7 0, v00000265a7efbb90_0;  1 drivers
v00000265a7ef8820_0 .net/s "x_1", 7 0, v00000265a7efab50_0;  1 drivers
v00000265a7ef8b40_0 .net/s "x_2", 7 0, v00000265a7efbc30_0;  1 drivers
v00000265a7ef94a0_0 .net/s "x_3", 7 0, v00000265a7efad30_0;  1 drivers
v00000265a7ef9360_0 .net/s "x_4", 7 0, v00000265a7efadd0_0;  1 drivers
E_00000265a7e905a0 .event posedge, v00000265a7ef4d90_0;
    .scope S_00000265a7bbbe00;
T_0 ;
    %wait E_00000265a7e905a0;
    %load/vec4 v00000265a7ef8820_0;
    %pad/s 18;
    %load/vec4 v00000265a7ef6b60_0;
    %pad/s 18;
    %mul;
    %load/vec4 v00000265a7ef8b40_0;
    %pad/s 18;
    %load/vec4 v00000265a7ef60c0_0;
    %pad/s 18;
    %mul;
    %add;
    %load/vec4 v00000265a7ef94a0_0;
    %pad/s 18;
    %load/vec4 v00000265a7ef5440_0;
    %pad/s 18;
    %mul;
    %add;
    %load/vec4 v00000265a7ef9360_0;
    %pad/s 18;
    %load/vec4 v00000265a7ef6160_0;
    %pad/s 18;
    %mul;
    %add;
    %load/vec4 v00000265a7e429c0_0;
    %pad/s 18;
    %add;
    %store/vec4 v00000265a7ef46b0_0, 0, 18;
    %load/vec4 v00000265a7ef8820_0;
    %pad/s 18;
    %load/vec4 v00000265a7ef6fc0_0;
    %pad/s 18;
    %mul;
    %load/vec4 v00000265a7ef8b40_0;
    %pad/s 18;
    %load/vec4 v00000265a7ef5800_0;
    %pad/s 18;
    %mul;
    %add;
    %load/vec4 v00000265a7ef94a0_0;
    %pad/s 18;
    %load/vec4 v00000265a7ef5b20_0;
    %pad/s 18;
    %mul;
    %add;
    %load/vec4 v00000265a7ef9360_0;
    %pad/s 18;
    %load/vec4 v00000265a7ef6480_0;
    %pad/s 18;
    %mul;
    %add;
    %load/vec4 v00000265a7e85140_0;
    %pad/s 18;
    %add;
    %store/vec4 v00000265a7ef42f0_0, 0, 18;
    %load/vec4 v00000265a7ef8820_0;
    %pad/s 18;
    %load/vec4 v00000265a7ef62a0_0;
    %pad/s 18;
    %mul;
    %load/vec4 v00000265a7ef8b40_0;
    %pad/s 18;
    %load/vec4 v00000265a7ef5300_0;
    %pad/s 18;
    %mul;
    %add;
    %load/vec4 v00000265a7ef94a0_0;
    %pad/s 18;
    %load/vec4 v00000265a7ef6520_0;
    %pad/s 18;
    %mul;
    %add;
    %load/vec4 v00000265a7ef9360_0;
    %pad/s 18;
    %load/vec4 v00000265a7ef5ee0_0;
    %pad/s 18;
    %mul;
    %add;
    %load/vec4 v00000265a7e24780_0;
    %pad/s 18;
    %add;
    %store/vec4 v00000265a7ef4e30_0, 0, 18;
    %load/vec4 v00000265a7ef8820_0;
    %pad/s 18;
    %load/vec4 v00000265a7ef6c00_0;
    %pad/s 18;
    %mul;
    %load/vec4 v00000265a7ef8b40_0;
    %pad/s 18;
    %load/vec4 v00000265a7ef6980_0;
    %pad/s 18;
    %mul;
    %add;
    %load/vec4 v00000265a7ef94a0_0;
    %pad/s 18;
    %load/vec4 v00000265a7ef6a20_0;
    %pad/s 18;
    %mul;
    %add;
    %load/vec4 v00000265a7ef9360_0;
    %pad/s 18;
    %load/vec4 v00000265a7ef6de0_0;
    %pad/s 18;
    %mul;
    %add;
    %load/vec4 v00000265a7df2d20_0;
    %pad/s 18;
    %add;
    %store/vec4 v00000265a7ef4750_0, 0, 18;
    %load/vec4 v00000265a7ef46b0_0;
    %pad/s 32;
    %cmpi/s 0, 0, 32;
    %jmp/0xz  T_0.0, 5;
    %pushi/vec4 0, 0, 18;
    %store/vec4 v00000265a7ef46b0_0, 0, 18;
T_0.0 ;
    %load/vec4 v00000265a7ef42f0_0;
    %pad/s 32;
    %cmpi/s 0, 0, 32;
    %jmp/0xz  T_0.2, 5;
    %pushi/vec4 0, 0, 18;
    %store/vec4 v00000265a7ef42f0_0, 0, 18;
T_0.2 ;
    %load/vec4 v00000265a7ef4e30_0;
    %pad/s 32;
    %cmpi/s 0, 0, 32;
    %jmp/0xz  T_0.4, 5;
    %pushi/vec4 0, 0, 18;
    %store/vec4 v00000265a7ef4e30_0, 0, 18;
T_0.4 ;
    %load/vec4 v00000265a7ef4750_0;
    %pad/s 32;
    %cmpi/s 0, 0, 32;
    %jmp/0xz  T_0.6, 5;
    %pushi/vec4 0, 0, 18;
    %store/vec4 v00000265a7ef4750_0, 0, 18;
T_0.6 ;
    %jmp T_0;
    .thread T_0;
    .scope S_00000265a7bbbe00;
T_1 ;
    %wait E_00000265a7e905a0;
    %load/vec4 v00000265a7ef46b0_0;
    %pad/s 28;
    %load/vec4 v00000265a7ef5580_0;
    %pad/s 28;
    %mul;
    %load/vec4 v00000265a7ef42f0_0;
    %pad/s 28;
    %load/vec4 v00000265a7ef6200_0;
    %pad/s 28;
    %mul;
    %add;
    %load/vec4 v00000265a7ef4e30_0;
    %pad/s 28;
    %load/vec4 v00000265a7ef6ac0_0;
    %pad/s 28;
    %mul;
    %add;
    %load/vec4 v00000265a7ef4750_0;
    %pad/s 28;
    %load/vec4 v00000265a7ef5d00_0;
    %pad/s 28;
    %mul;
    %add;
    %load/vec4 v00000265a7df2e90_0;
    %pad/s 28;
    %add;
    %store/vec4 v00000265a7ef4250_0, 0, 28;
    %load/vec4 v00000265a7ef46b0_0;
    %pad/s 28;
    %load/vec4 v00000265a7ef65c0_0;
    %pad/s 28;
    %mul;
    %load/vec4 v00000265a7ef42f0_0;
    %pad/s 28;
    %load/vec4 v00000265a7ef5da0_0;
    %pad/s 28;
    %mul;
    %add;
    %load/vec4 v00000265a7ef4e30_0;
    %pad/s 28;
    %load/vec4 v00000265a7ef6ca0_0;
    %pad/s 28;
    %mul;
    %add;
    %load/vec4 v00000265a7ef4750_0;
    %pad/s 28;
    %load/vec4 v00000265a7ef6d40_0;
    %pad/s 28;
    %mul;
    %add;
    %load/vec4 v00000265a7e23ec0_0;
    %pad/s 28;
    %add;
    %store/vec4 v00000265a7ef49d0_0, 0, 28;
    %load/vec4 v00000265a7ef4250_0;
    %pad/s 32;
    %cmpi/s 0, 0, 32;
    %jmp/0xz  T_1.0, 5;
    %pushi/vec4 0, 0, 28;
    %store/vec4 v00000265a7ef4250_0, 0, 28;
T_1.0 ;
    %load/vec4 v00000265a7ef49d0_0;
    %pad/s 32;
    %cmpi/s 0, 0, 32;
    %jmp/0xz  T_1.2, 5;
    %pushi/vec4 0, 0, 28;
    %store/vec4 v00000265a7ef49d0_0, 0, 28;
T_1.2 ;
    %jmp T_1;
    .thread T_1;
    .scope S_00000265a7bbbe00;
T_2 ;
    %wait E_00000265a7e905a0;
    %load/vec4 v00000265a7ef4250_0;
    %pad/s 37;
    %load/vec4 v00000265a7ef6700_0;
    %pad/s 37;
    %mul;
    %load/vec4 v00000265a7ef49d0_0;
    %pad/s 37;
    %load/vec4 v00000265a7ef5e40_0;
    %pad/s 37;
    %mul;
    %add;
    %load/vec4 v00000265a7e240a0_0;
    %pad/s 37;
    %add;
    %store/vec4 v00000265a7ef41b0_0, 0, 37;
    %load/vec4 v00000265a7ef41b0_0;
    %cmpi/s 0, 0, 37;
    %jmp/0xz  T_2.0, 5;
    %pushi/vec4 0, 0, 37;
    %store/vec4 v00000265a7ef41b0_0, 0, 37;
T_2.0 ;
    %jmp T_2;
    .thread T_2;
    .scope S_00000265a7bbbe00;
T_3 ;
    %wait E_00000265a7e905a0;
    %load/vec4 v00000265a7ef41b0_0;
    %pad/s 45;
    %load/vec4 v00000265a7ef5760_0;
    %pad/s 45;
    %mul;
    %load/vec4 v00000265a7df2a10_0;
    %pad/s 45;
    %add;
    %store/vec4 v00000265a7ef4ed0_0, 0, 45;
    %load/vec4 v00000265a7ef4ed0_0;
    %cmpi/s 0, 0, 45;
    %jmp/0xz  T_3.0, 5;
    %pushi/vec4 0, 0, 45;
    %store/vec4 v00000265a7ef4ed0_0, 0, 45;
T_3.0 ;
    %jmp T_3;
    .thread T_3;
    .scope S_00000265a7bbbe00;
T_4 ;
    %wait E_00000265a7e905a0;
    %load/vec4 v00000265a7ef4ed0_0;
    %pad/s 53;
    %load/vec4 v00000265a7ef6f20_0;
    %pad/s 53;
    %mul;
    %load/vec4 v00000265a7df2ab0_0;
    %pad/s 53;
    %add;
    %store/vec4 v00000265a7ef4430_0, 0, 53;
    %load/vec4 v00000265a7ef4430_0;
    %cmpi/s 0, 0, 53;
    %jmp/0xz  T_4.0, 5;
    %pushi/vec4 0, 0, 53;
    %store/vec4 v00000265a7ef4430_0, 0, 53;
T_4.0 ;
    %jmp T_4;
    .thread T_4;
    .scope S_00000265a7bbbe00;
T_5 ;
    %wait E_00000265a7e905a0;
    %load/vec4 v00000265a7ef4430_0;
    %pad/s 61;
    %load/vec4 v00000265a7ef5f80_0;
    %pad/s 61;
    %mul;
    %load/vec4 v00000265a7df2b50_0;
    %pad/s 61;
    %add;
    %store/vec4 v00000265a7ef4b10_0, 0, 61;
    %load/vec4 v00000265a7ef4430_0;
    %pad/s 61;
    %load/vec4 v00000265a7ef54e0_0;
    %pad/s 61;
    %mul;
    %load/vec4 v00000265a7e5c7a0_0;
    %pad/s 61;
    %add;
    %store/vec4 v00000265a7ef44d0_0, 0, 61;
    %load/vec4 v00000265a7ef4b10_0;
    %cmpi/s 0, 0, 61;
    %jmp/0xz  T_5.0, 5;
    %pushi/vec4 0, 0, 61;
    %store/vec4 v00000265a7ef4b10_0, 0, 61;
T_5.0 ;
    %load/vec4 v00000265a7ef44d0_0;
    %cmpi/s 0, 0, 61;
    %jmp/0xz  T_5.2, 5;
    %pushi/vec4 0, 0, 61;
    %store/vec4 v00000265a7ef44d0_0, 0, 61;
T_5.2 ;
    %jmp T_5;
    .thread T_5;
    .scope S_00000265a7bbbe00;
T_6 ;
    %wait E_00000265a7e905a0;
    %load/vec4 v00000265a7ef4b10_0;
    %pad/s 69;
    %load/vec4 v00000265a7ef6340_0;
    %pad/s 69;
    %mul;
    %load/vec4 v00000265a7ef44d0_0;
    %pad/s 69;
    %load/vec4 v00000265a7ef67a0_0;
    %pad/s 69;
    %mul;
    %add;
    %load/vec4 v00000265a7e5c840_0;
    %pad/s 69;
    %add;
    %store/vec4 v00000265a7ef4a70_0, 0, 69;
    %load/vec4 v00000265a7ef4b10_0;
    %pad/s 69;
    %load/vec4 v00000265a7ef5260_0;
    %pad/s 69;
    %mul;
    %load/vec4 v00000265a7ef44d0_0;
    %pad/s 69;
    %load/vec4 v00000265a7ef53a0_0;
    %pad/s 69;
    %mul;
    %add;
    %load/vec4 v00000265a7e5c8e0_0;
    %pad/s 69;
    %add;
    %store/vec4 v00000265a7ef47f0_0, 0, 69;
    %load/vec4 v00000265a7ef4a70_0;
    %cmpi/s 0, 0, 69;
    %jmp/0xz  T_6.0, 5;
    %pushi/vec4 0, 0, 69;
    %store/vec4 v00000265a7ef4a70_0, 0, 69;
T_6.0 ;
    %load/vec4 v00000265a7ef47f0_0;
    %cmpi/s 0, 0, 69;
    %jmp/0xz  T_6.2, 5;
    %pushi/vec4 0, 0, 69;
    %store/vec4 v00000265a7ef47f0_0, 0, 69;
T_6.2 ;
    %load/vec4 v00000265a7ef4b10_0;
    %pad/s 69;
    %load/vec4 v00000265a7ef5120_0;
    %pad/s 69;
    %mul;
    %load/vec4 v00000265a7ef44d0_0;
    %pad/s 69;
    %load/vec4 v00000265a7ef63e0_0;
    %pad/s 69;
    %mul;
    %add;
    %load/vec4 v00000265a7e5c980_0;
    %pad/s 69;
    %add;
    %store/vec4 v00000265a7ef4570_0, 0, 69;
    %load/vec4 v00000265a7ef4b10_0;
    %pad/s 69;
    %load/vec4 v00000265a7ef58a0_0;
    %pad/s 69;
    %mul;
    %load/vec4 v00000265a7ef44d0_0;
    %pad/s 69;
    %load/vec4 v00000265a7ef6020_0;
    %pad/s 69;
    %mul;
    %add;
    %load/vec4 v00000265a7ef4930_0;
    %pad/s 69;
    %add;
    %store/vec4 v00000265a7ef4890_0, 0, 69;
    %load/vec4 v00000265a7ef4570_0;
    %cmpi/s 0, 0, 69;
    %jmp/0xz  T_6.4, 5;
    %pushi/vec4 0, 0, 69;
    %store/vec4 v00000265a7ef4570_0, 0, 69;
T_6.4 ;
    %load/vec4 v00000265a7ef4890_0;
    %cmpi/s 0, 0, 69;
    %jmp/0xz  T_6.6, 5;
    %pushi/vec4 0, 0, 69;
    %store/vec4 v00000265a7ef4890_0, 0, 69;
T_6.6 ;
    %jmp T_6;
    .thread T_6;
    .scope S_00000265a7bbbe00;
T_7 ;
    %wait E_00000265a7e905a0;
    %load/vec4 v00000265a7ef4a70_0;
    %pad/s 77;
    %load/vec4 v00000265a7ef5940_0;
    %pad/s 77;
    %mul;
    %load/vec4 v00000265a7ef47f0_0;
    %pad/s 77;
    %load/vec4 v00000265a7ef68e0_0;
    %pad/s 77;
    %mul;
    %add;
    %load/vec4 v00000265a7ef4570_0;
    %pad/s 77;
    %load/vec4 v00000265a7ef92c0_0;
    %pad/s 77;
    %mul;
    %add;
    %load/vec4 v00000265a7ef4890_0;
    %pad/s 77;
    %load/vec4 v00000265a7ef95e0_0;
    %pad/s 77;
    %mul;
    %add;
    %load/vec4 v00000265a7ef4bb0_0;
    %pad/s 77;
    %add;
    %store/vec4 v00000265a7ef4610_0, 0, 77;
    %load/vec4 v00000265a7ef4a70_0;
    %pad/s 77;
    %load/vec4 v00000265a7ef6840_0;
    %pad/s 77;
    %mul;
    %load/vec4 v00000265a7ef47f0_0;
    %pad/s 77;
    %load/vec4 v00000265a7ef5c60_0;
    %pad/s 77;
    %mul;
    %add;
    %load/vec4 v00000265a7ef4570_0;
    %pad/s 77;
    %load/vec4 v00000265a7ef8dc0_0;
    %pad/s 77;
    %mul;
    %add;
    %load/vec4 v00000265a7ef4890_0;
    %pad/s 77;
    %load/vec4 v00000265a7ef8460_0;
    %pad/s 77;
    %mul;
    %add;
    %load/vec4 v00000265a7ef4c50_0;
    %pad/s 77;
    %add;
    %store/vec4 v00000265a7ef4f70_0, 0, 77;
    %load/vec4 v00000265a7ef4610_0;
    %cmpi/s 0, 0, 77;
    %jmp/0xz  T_7.0, 5;
    %pushi/vec4 0, 0, 77;
    %store/vec4 v00000265a7ef4610_0, 0, 77;
T_7.0 ;
    %load/vec4 v00000265a7ef4f70_0;
    %cmpi/s 0, 0, 77;
    %jmp/0xz  T_7.2, 5;
    %pushi/vec4 0, 0, 77;
    %store/vec4 v00000265a7ef4f70_0, 0, 77;
T_7.2 ;
    %load/vec4 v00000265a7ef4a70_0;
    %pad/s 77;
    %load/vec4 v00000265a7ef5a80_0;
    %pad/s 77;
    %mul;
    %load/vec4 v00000265a7ef47f0_0;
    %pad/s 77;
    %load/vec4 v00000265a7ef51c0_0;
    %pad/s 77;
    %mul;
    %add;
    %load/vec4 v00000265a7ef4570_0;
    %pad/s 77;
    %load/vec4 v00000265a7ef8a00_0;
    %pad/s 77;
    %mul;
    %add;
    %load/vec4 v00000265a7ef4890_0;
    %pad/s 77;
    %load/vec4 v00000265a7ef8be0_0;
    %pad/s 77;
    %mul;
    %add;
    %load/vec4 v00000265a7ef4390_0;
    %pad/s 77;
    %add;
    %store/vec4 v00000265a7ef5010_0, 0, 77;
    %load/vec4 v00000265a7ef4a70_0;
    %pad/s 77;
    %load/vec4 v00000265a7ef5bc0_0;
    %pad/s 77;
    %mul;
    %load/vec4 v00000265a7ef47f0_0;
    %pad/s 77;
    %load/vec4 v00000265a7ef9f40_0;
    %pad/s 77;
    %mul;
    %add;
    %load/vec4 v00000265a7ef4570_0;
    %pad/s 77;
    %load/vec4 v00000265a7ef9e00_0;
    %pad/s 77;
    %mul;
    %add;
    %load/vec4 v00000265a7ef4890_0;
    %pad/s 77;
    %load/vec4 v00000265a7ef9ae0_0;
    %pad/s 77;
    %mul;
    %add;
    %load/vec4 v00000265a7ef4cf0_0;
    %pad/s 77;
    %add;
    %store/vec4 v00000265a7ef4110_0, 0, 77;
    %load/vec4 v00000265a7ef5010_0;
    %cmpi/s 0, 0, 77;
    %jmp/0xz  T_7.4, 5;
    %pushi/vec4 0, 0, 77;
    %store/vec4 v00000265a7ef5010_0, 0, 77;
T_7.4 ;
    %load/vec4 v00000265a7ef4110_0;
    %cmpi/s 0, 0, 77;
    %jmp/0xz  T_7.6, 5;
    %pushi/vec4 0, 0, 77;
    %store/vec4 v00000265a7ef4110_0, 0, 77;
T_7.6 ;
    %load/vec4 v00000265a7ef4610_0;
    %store/vec4 v00000265a7ef6e80_0, 0, 77;
    %load/vec4 v00000265a7ef4f70_0;
    %store/vec4 v00000265a7ef56c0_0, 0, 77;
    %load/vec4 v00000265a7ef5010_0;
    %store/vec4 v00000265a7ef6660_0, 0, 77;
    %load/vec4 v00000265a7ef4110_0;
    %store/vec4 v00000265a7ef5620_0, 0, 77;
    %jmp T_7;
    .thread T_7;
    .scope S_00000265a7e242e0;
T_8 ;
    %delay 5000, 0;
    %load/vec4 v00000265a7ef83c0_0;
    %inv;
    %store/vec4 v00000265a7ef83c0_0, 0, 1;
    %jmp T_8;
    .thread T_8;
    .scope S_00000265a7e242e0;
T_9 ;
    %vpi_call 2 100 "$display", "==== Starting GAN Testbench ====" {0 0 0};
    %pushi/vec4 0, 0, 1;
    %store/vec4 v00000265a7ef83c0_0, 0, 1;
    %pushi/vec4 1, 0, 1;
    %store/vec4 v00000265a7ef9040_0, 0, 1;
    %delay 10000, 0;
    %pushi/vec4 0, 0, 1;
    %store/vec4 v00000265a7ef9040_0, 0, 1;
    %pushi/vec4 0, 0, 8;
    %store/vec4 v00000265a7efab50_0, 0, 8;
    %pushi/vec4 1, 0, 8;
    %store/vec4 v00000265a7efbc30_0, 0, 8;
    %pushi/vec4 1, 0, 8;
    %store/vec4 v00000265a7efad30_0, 0, 8;
    %pushi/vec4 0, 0, 8;
    %store/vec4 v00000265a7efadd0_0, 0, 8;
    %pushi/vec4 6, 0, 8;
    %store/vec4 v00000265a7ef8e60_0, 0, 8;
    %pushi/vec4 21, 0, 8;
    %store/vec4 v00000265a7ef8280_0, 0, 8;
    %pushi/vec4 3, 0, 8;
    %store/vec4 v00000265a7ef9680_0, 0, 8;
    %pushi/vec4 18, 0, 8;
    %store/vec4 v00000265a7ef8640_0, 0, 8;
    %pushi/vec4 253, 0, 8;
    %store/vec4 v00000265a7ef9900_0, 0, 8;
    %pushi/vec4 16, 0, 8;
    %store/vec4 v00000265a7ef99a0_0, 0, 8;
    %pushi/vec4 253, 0, 8;
    %store/vec4 v00000265a7ef8aa0_0, 0, 8;
    %pushi/vec4 12, 0, 8;
    %store/vec4 v00000265a7ef9d60_0, 0, 8;
    %pushi/vec4 5, 0, 8;
    %store/vec4 v00000265a7ef9220_0, 0, 8;
    %pushi/vec4 250, 0, 8;
    %store/vec4 v00000265a7ef86e0_0, 0, 8;
    %pushi/vec4 241, 0, 8;
    %store/vec4 v00000265a7ef8780_0, 0, 8;
    %pushi/vec4 252, 0, 8;
    %store/vec4 v00000265a7ef88c0_0, 0, 8;
    %pushi/vec4 240, 0, 8;
    %store/vec4 v00000265a7efa330_0, 0, 8;
    %pushi/vec4 247, 0, 8;
    %store/vec4 v00000265a7efa470_0, 0, 8;
    %pushi/vec4 239, 0, 8;
    %store/vec4 v00000265a7efb0f0_0, 0, 8;
    %pushi/vec4 248, 0, 8;
    %store/vec4 v00000265a7efabf0_0, 0, 8;
    %pushi/vec4 1, 0, 8;
    %store/vec4 v00000265a7ef9b80_0, 0, 8;
    %pushi/vec4 0, 0, 8;
    %store/vec4 v00000265a7ef9540_0, 0, 8;
    %pushi/vec4 2, 0, 8;
    %store/vec4 v00000265a7ef8960_0, 0, 8;
    %pushi/vec4 255, 0, 8;
    %store/vec4 v00000265a7ef90e0_0, 0, 8;
    %pushi/vec4 4, 0, 8;
    %store/vec4 v00000265a7efbd70_0, 0, 8;
    %pushi/vec4 14, 0, 8;
    %store/vec4 v00000265a7efb7d0_0, 0, 8;
    %pushi/vec4 8, 0, 8;
    %store/vec4 v00000265a7efac90_0, 0, 8;
    %pushi/vec4 15, 0, 8;
    %store/vec4 v00000265a7efb190_0, 0, 8;
    %pushi/vec4 242, 0, 8;
    %store/vec4 v00000265a7efa3d0_0, 0, 8;
    %pushi/vec4 14, 0, 8;
    %store/vec4 v00000265a7efbe10_0, 0, 8;
    %pushi/vec4 9, 0, 8;
    %store/vec4 v00000265a7efa650_0, 0, 8;
    %pushi/vec4 15, 0, 8;
    %store/vec4 v00000265a7efb230_0, 0, 8;
    %pushi/vec4 1, 0, 8;
    %store/vec4 v00000265a7ef9180_0, 0, 8;
    %pushi/vec4 4, 0, 8;
    %store/vec4 v00000265a7ef97c0_0, 0, 8;
    %pushi/vec4 14, 0, 8;
    %store/vec4 v00000265a7efb910_0, 0, 8;
    %pushi/vec4 6, 0, 8;
    %store/vec4 v00000265a7efa6f0_0, 0, 8;
    %pushi/vec4 5, 0, 8;
    %store/vec4 v00000265a7ef8fa0_0, 0, 8;
    %pushi/vec4 1, 0, 8;
    %store/vec4 v00000265a7efa510_0, 0, 8;
    %pushi/vec4 252, 0, 8;
    %store/vec4 v00000265a7ef9a40_0, 0, 8;
    %pushi/vec4 1, 0, 8;
    %store/vec4 v00000265a7efb2d0_0, 0, 8;
    %pushi/vec4 252, 0, 8;
    %store/vec4 v00000265a7ef8320_0, 0, 8;
    %pushi/vec4 248, 0, 8;
    %store/vec4 v00000265a7efb370_0, 0, 8;
    %pushi/vec4 14, 0, 8;
    %store/vec4 v00000265a7efb690_0, 0, 8;
    %pushi/vec4 20, 0, 8;
    %store/vec4 v00000265a7ef8c80_0, 0, 8;
    %pushi/vec4 0, 0, 8;
    %store/vec4 v00000265a7ef9ea0_0, 0, 8;
    %pushi/vec4 4, 0, 8;
    %store/vec4 v00000265a7efba50_0, 0, 8;
    %pushi/vec4 14, 0, 8;
    %store/vec4 v00000265a7efa5b0_0, 0, 8;
    %pushi/vec4 8, 0, 8;
    %store/vec4 v00000265a7efb870_0, 0, 8;
    %pushi/vec4 15, 0, 8;
    %store/vec4 v00000265a7efb9b0_0, 0, 8;
    %pushi/vec4 242, 0, 8;
    %store/vec4 v00000265a7efafb0_0, 0, 8;
    %pushi/vec4 14, 0, 8;
    %store/vec4 v00000265a7efbcd0_0, 0, 8;
    %pushi/vec4 9, 0, 8;
    %store/vec4 v00000265a7efa790_0, 0, 8;
    %pushi/vec4 15, 0, 8;
    %store/vec4 v00000265a7efbeb0_0, 0, 8;
    %pushi/vec4 5, 0, 8;
    %store/vec4 v00000265a7ef9c20_0, 0, 8;
    %pushi/vec4 3, 0, 8;
    %store/vec4 v00000265a7ef9fe0_0, 0, 8;
    %pushi/vec4 1, 0, 8;
    %store/vec4 v00000265a7ef8140_0, 0, 8;
    %pushi/vec4 2, 0, 8;
    %store/vec4 v00000265a7ef9cc0_0, 0, 8;
    %pushi/vec4 11, 0, 8;
    %store/vec4 v00000265a7efb550_0, 0, 8;
    %pushi/vec4 249, 0, 8;
    %store/vec4 v00000265a7efbf50_0, 0, 8;
    %pushi/vec4 10, 0, 8;
    %store/vec4 v00000265a7efb730_0, 0, 8;
    %pushi/vec4 249, 0, 8;
    %store/vec4 v00000265a7efbff0_0, 0, 8;
    %pushi/vec4 9, 0, 8;
    %store/vec4 v00000265a7efa290_0, 0, 8;
    %pushi/vec4 250, 0, 8;
    %store/vec4 v00000265a7efa150_0, 0, 8;
    %pushi/vec4 11, 0, 8;
    %store/vec4 v00000265a7efa1f0_0, 0, 8;
    %pushi/vec4 249, 0, 8;
    %store/vec4 v00000265a7efb410_0, 0, 8;
    %pushi/vec4 10, 0, 8;
    %store/vec4 v00000265a7efa830_0, 0, 8;
    %pushi/vec4 241, 0, 8;
    %store/vec4 v00000265a7efa8d0_0, 0, 8;
    %pushi/vec4 251, 0, 8;
    %store/vec4 v00000265a7efa970_0, 0, 8;
    %pushi/vec4 7, 0, 8;
    %store/vec4 v00000265a7efaa10_0, 0, 8;
    %pushi/vec4 1, 0, 8;
    %store/vec4 v00000265a7efaab0_0, 0, 8;
    %pushi/vec4 17, 0, 8;
    %store/vec4 v00000265a7efb4b0_0, 0, 8;
    %pushi/vec4 4, 0, 8;
    %store/vec4 v00000265a7efbaf0_0, 0, 8;
    %pushi/vec4 12, 0, 8;
    %store/vec4 v00000265a7efbb90_0, 0, 8;
    %pushi/vec4 246, 0, 8;
    %store/vec4 v00000265a7ef81e0_0, 0, 8;
    %pushi/vec4 10, 0, 8;
    %store/vec4 v00000265a7ef8f00_0, 0, 8;
    %pushi/vec4 10, 0, 8;
    %store/vec4 v00000265a7ef8d20_0, 0, 8;
    %pushi/vec4 246, 0, 8;
    %store/vec4 v00000265a7ef9860_0, 0, 8;
    %pushi/vec4 20, 0, 32;
T_9.0 %dup/vec4;
    %pushi/vec4 0, 0, 32;
    %cmp/s;
    %jmp/1xz T_9.1, 5;
    %jmp/1 T_9.1, 4;
    %pushi/vec4 1, 0, 32;
    %sub;
    %wait E_00000265a7e905a0;
    %jmp T_9.0;
T_9.1 ;
    %pop/vec4 1;
    %vpi_call 2 138 "$display", "---- Intermediate Outputs ----" {0 0 0};
    %vpi_call 2 139 "$display", "L1: %d %d %d %d", v00000265a7ef46b0_0, v00000265a7ef42f0_0, v00000265a7ef4e30_0, v00000265a7ef4750_0 {0 0 0};
    %vpi_call 2 140 "$display", "L2: %d %d", v00000265a7ef4250_0, v00000265a7ef49d0_0 {0 0 0};
    %vpi_call 2 141 "$display", "L3: %d", v00000265a7ef41b0_0 {0 0 0};
    %vpi_call 2 142 "$display", "L4: %d", v00000265a7ef4ed0_0 {0 0 0};
    %vpi_call 2 143 "$display", "Final Outputs (Layer8): %d, %d, %d, %d", v00000265a7ef8500_0, v00000265a7ef9720_0, v00000265a7ef85a0_0, v00000265a7ef9400_0 {0 0 0};
    %delay 10000, 0;
    %vpi_call 2 147 "$finish" {0 0 0};
    %end;
    .thread T_9;
# The file index is used to find the file name in the following table.
:file_names 4;
    "N/A";
    "<interactive>";
    "gan_v2_tb.v";
    "gan_v2.v";
