#! /c/Source/iverilog-install/bin/vvp
:ivl_version "12.0 (devel)" "(s20150603-1539-g2693dd32b)";
:ivl_delay_selection "TYPICAL";
:vpi_time_precision - 12;
:vpi_module "C:\iverilog\lib\ivl\system.vpi";
:vpi_module "C:\iverilog\lib\ivl\vhdl_sys.vpi";
:vpi_module "C:\iverilog\lib\ivl\vhdl_textio.vpi";
:vpi_module "C:\iverilog\lib\ivl\v2005_math.vpi";
:vpi_module "C:\iverilog\lib\ivl\va_math.vpi";
S_0000025a284dbe50 .scope module, "tb_gan_v3" "tb_gan_v3" 2 2;
 .timescale -9 -12;
P_0000025a284d8ce0 .param/l "WIDTH" 0 2 4, +C4<00000000000000000000000000100000>;
P_0000025a284d8d18 .param/l "n_b" 0 2 34, +C4<00000000000000000000000000010011>;
P_0000025a284d8d50 .param/l "n_w" 0 2 33, +C4<00000000000000000000000000110110>;
P_0000025a284d8d88 .param/l "n_x" 0 2 32, +C4<00000000000000000000000000000100>;
v0000025a285dc2f0_0 .var "addr", 7 0;
v0000025a285dc570 .array/s "b_in", 18 0, 31 0;
v0000025a285dbfd0_0 .var "clk", 0 0;
v0000025a285dba30_0 .var/s "data_in", 31 0;
v0000025a285db7b0_0 .net/s "data_out", 31 0, v0000025a285db710_0;  1 drivers
v0000025a285dbb70_0 .net "data_valid", 0 0, L_0000025a285dc830;  1 drivers
v0000025a285dbc10_0 .var/i "i", 31 0;
v0000025a285dbe90_0 .var "rst", 0 0;
v0000025a285dbf30_0 .var "start", 0 0;
v0000025a285dc110 .array/s "w_in", 53 0, 31 0;
v0000025a285dc390_0 .var "we", 0 0;
v0000025a285dde10 .array/s "x_in", 3 0, 31 0;
E_0000025a2858c840 .event posedge, v0000025a285dbcb0_0;
S_0000025a285568d0 .scope module, "uut" "gan_v3" 2 16, 3 1 0, S_0000025a284dbe50;
 .timescale 0 0;
    .port_info 0 /INPUT 1 "clk";
    .port_info 1 /INPUT 1 "rst";
    .port_info 2 /INPUT 32 "data_in";
    .port_info 3 /INPUT 8 "addr";
    .port_info 4 /INPUT 1 "we";
    .port_info 5 /INPUT 1 "start";
    .port_info 6 /OUTPUT 32 "data_out";
    .port_info 7 /OUTPUT 1 "data_valid";
P_0000025a28556a60 .param/l "ADD" 0 3 45, C4<100>;
P_0000025a28556a98 .param/l "ASSIGN" 0 3 46, C4<110>;
P_0000025a28556ad0 .param/l "FINISH" 0 3 45, C4<101>;
P_0000025a28556b08 .param/l "LAYER_1" 0 3 43, C4<001>;
P_0000025a28556b40 .param/l "LOAD_DATA" 0 3 43, C4<000>;
P_0000025a28556b78 .param/l "MULTIPLY_1" 0 3 44, C4<010>;
P_0000025a28556bb0 .param/l "MULTIPLY_2" 0 3 44, C4<011>;
P_0000025a28556be8 .param/l "WIDTH" 0 3 1, +C4<00000000000000000000000000100000>;
P_0000025a28556c20 .param/l "n_b" 0 3 17, +C4<00000000000000000000000000010011>;
P_0000025a28556c58 .param/l "n_w" 0 3 16, +C4<00000000000000000000000000110110>;
P_0000025a28556c90 .param/l "n_x" 0 3 15, +C4<00000000000000000000000000000100>;
v0000025a284f2ce0_0 .var/s "B", 31 0;
v0000025a284f2f00_0 .var "STATE", 2 0;
v0000025a284f3120_0 .var/s "W1", 31 0;
v0000025a285240b0_0 .var/s "W2", 31 0;
v0000025a28524150_0 .var/s "W3", 31 0;
v0000025a2859a8c0_0 .var/s "W4", 31 0;
v0000025a2859a960_0 .var/s "X1", 31 0;
v0000025a285db260_0 .var/s "X2", 31 0;
v0000025a285db300_0 .var/s "X3", 31 0;
v0000025a285db3a0_0 .var/s "X4", 31 0;
v0000025a285db440 .array/s "Y", 3 0, 31 0;
L_0000025a285f40c8 .functor BUFT 1, C4<101>, C4<0>, C4<0>, C4<0>;
v0000025a285db4e0_0 .net/2u *"_ivl_0", 2 0, L_0000025a285f40c8;  1 drivers
v0000025a285db580_0 .net "addr", 7 0, v0000025a285dc2f0_0;  1 drivers
v0000025a285dc430 .array/s "b", 18 0, 31 0;
v0000025a285dbcb0_0 .net "clk", 0 0, v0000025a285dbfd0_0;  1 drivers
v0000025a285dbd50_0 .net/s "data_in", 31 0, v0000025a285dba30_0;  1 drivers
v0000025a285db710_0 .var/s "data_out", 31 0;
v0000025a285db850_0 .net "data_valid", 0 0, L_0000025a285dc830;  alias, 1 drivers
v0000025a285dbad0_0 .var "done_loading", 0 0;
v0000025a285db8f0_0 .var "neuron_key", 4 0;
v0000025a285dbdf0_0 .net "rst", 0 0, v0000025a285dbe90_0;  1 drivers
v0000025a285dc250_0 .net "start", 0 0, v0000025a285dbf30_0;  1 drivers
v0000025a285db670_0 .var/s "temp", 31 0;
v0000025a285db990 .array/s "w", 53 0, 31 0;
v0000025a285dc4d0_0 .net "we", 0 0, v0000025a285dc390_0;  1 drivers
v0000025a285dc1b0 .array/s "x", 3 0, 31 0;
v0000025a285dc070_0 .var "y_key", 2 0;
E_0000025a2858c900 .event posedge, v0000025a285dbdf0_0, v0000025a285dbcb0_0;
L_0000025a285dc830 .cmp/eq 3, v0000025a284f2f00_0, L_0000025a285f40c8;
    .scope S_0000025a285568d0;
T_0 ;
    %wait E_0000025a2858c900;
    %load/vec4 v0000025a285dbdf0_0;
    %flag_set/vec4 8;
    %jmp/0xz  T_0.0, 8;
    %pushi/vec4 0, 0, 32;
    %assign/vec4 v0000025a2859a960_0, 0;
    %pushi/vec4 0, 0, 32;
    %assign/vec4 v0000025a285db260_0, 0;
    %pushi/vec4 0, 0, 32;
    %assign/vec4 v0000025a285db300_0, 0;
    %pushi/vec4 0, 0, 32;
    %assign/vec4 v0000025a285db3a0_0, 0;
    %pushi/vec4 0, 0, 32;
    %ix/load 3, 0, 0;
    %flag_set/imm 4, 0;
    %ix/load 4, 0, 0; Constant delay
    %assign/vec4/a/d v0000025a285db440, 0, 4;
    %pushi/vec4 0, 0, 32;
    %ix/load 3, 1, 0;
    %flag_set/imm 4, 0;
    %ix/load 4, 0, 0; Constant delay
    %assign/vec4/a/d v0000025a285db440, 0, 4;
    %pushi/vec4 0, 0, 32;
    %ix/load 3, 2, 0;
    %flag_set/imm 4, 0;
    %ix/load 4, 0, 0; Constant delay
    %assign/vec4/a/d v0000025a285db440, 0, 4;
    %pushi/vec4 0, 0, 32;
    %ix/load 3, 3, 0;
    %flag_set/imm 4, 0;
    %ix/load 4, 0, 0; Constant delay
    %assign/vec4/a/d v0000025a285db440, 0, 4;
    %pushi/vec4 0, 0, 32;
    %assign/vec4 v0000025a284f3120_0, 0;
    %pushi/vec4 0, 0, 32;
    %assign/vec4 v0000025a285240b0_0, 0;
    %pushi/vec4 0, 0, 32;
    %assign/vec4 v0000025a28524150_0, 0;
    %pushi/vec4 0, 0, 32;
    %assign/vec4 v0000025a2859a8c0_0, 0;
    %pushi/vec4 0, 0, 32;
    %assign/vec4 v0000025a284f2ce0_0, 0;
    %pushi/vec4 0, 0, 1;
    %assign/vec4 v0000025a285dbad0_0, 0;
    %pushi/vec4 0, 0, 3;
    %assign/vec4 v0000025a284f2f00_0, 0;
    %jmp T_0.1;
T_0.0 ;
    %load/vec4 v0000025a284f2f00_0;
    %dup/vec4;
    %pushi/vec4 0, 0, 3;
    %cmp/u;
    %jmp/1 T_0.2, 6;
    %dup/vec4;
    %pushi/vec4 6, 0, 3;
    %cmp/u;
    %jmp/1 T_0.3, 6;
    %dup/vec4;
    %pushi/vec4 2, 0, 3;
    %cmp/u;
    %jmp/1 T_0.4, 6;
    %dup/vec4;
    %pushi/vec4 3, 0, 3;
    %cmp/u;
    %jmp/1 T_0.5, 6;
    %dup/vec4;
    %pushi/vec4 4, 0, 3;
    %cmp/u;
    %jmp/1 T_0.6, 6;
    %dup/vec4;
    %pushi/vec4 5, 0, 3;
    %cmp/u;
    %jmp/1 T_0.7, 6;
    %jmp T_0.9;
T_0.2 ;
    %load/vec4 v0000025a285dc4d0_0;
    %flag_set/vec4 8;
    %jmp/0xz  T_0.10, 8;
    %load/vec4 v0000025a285db580_0;
    %pad/u 32;
    %cmpi/u 4, 0, 32;
    %jmp/0xz  T_0.12, 5;
    %load/vec4 v0000025a285dbd50_0;
    %ix/getv 3, v0000025a285db580_0;
    %ix/load 4, 0, 0; Constant delay
    %assign/vec4/a/d v0000025a285dc1b0, 0, 4;
    %jmp T_0.13;
T_0.12 ;
    %load/vec4 v0000025a285db580_0;
    %pad/u 32;
    %cmpi/u 58, 0, 32;
    %jmp/0xz  T_0.14, 5;
    %load/vec4 v0000025a285dbd50_0;
    %load/vec4 v0000025a285db580_0;
    %pad/u 32;
    %subi 4, 0, 32;
    %ix/vec4 3;
    %ix/load 4, 0, 0; Constant delay
    %assign/vec4/a/d v0000025a285db990, 0, 4;
    %jmp T_0.15;
T_0.14 ;
    %load/vec4 v0000025a285db580_0;
    %pad/u 32;
    %cmpi/u 77, 0, 32;
    %jmp/0xz  T_0.16, 5;
    %load/vec4 v0000025a285dbd50_0;
    %load/vec4 v0000025a285db580_0;
    %pad/u 32;
    %subi 58, 0, 32;
    %ix/vec4 3;
    %ix/load 4, 0, 0; Constant delay
    %assign/vec4/a/d v0000025a285dc430, 0, 4;
T_0.16 ;
T_0.15 ;
T_0.13 ;
    %load/vec4 v0000025a285db580_0;
    %pad/u 32;
    %cmpi/e 76, 0, 32;
    %jmp/0xz  T_0.18, 4;
    %pushi/vec4 6, 0, 3;
    %assign/vec4 v0000025a284f2f00_0, 0;
    %pushi/vec4 1, 0, 1;
    %assign/vec4 v0000025a285dbad0_0, 0;
    %pushi/vec4 0, 0, 5;
    %assign/vec4 v0000025a285db8f0_0, 0;
T_0.18 ;
T_0.10 ;
    %jmp T_0.9;
T_0.3 ;
    %load/vec4 v0000025a285db8f0_0;
    %dup/vec4;
    %pushi/vec4 0, 0, 5;
    %cmp/u;
    %jmp/1 T_0.20, 6;
    %dup/vec4;
    %pushi/vec4 1, 0, 5;
    %cmp/u;
    %jmp/1 T_0.21, 6;
    %dup/vec4;
    %pushi/vec4 2, 0, 5;
    %cmp/u;
    %jmp/1 T_0.22, 6;
    %dup/vec4;
    %pushi/vec4 3, 0, 5;
    %cmp/u;
    %jmp/1 T_0.23, 6;
    %dup/vec4;
    %pushi/vec4 4, 0, 5;
    %cmp/u;
    %jmp/1 T_0.24, 6;
    %dup/vec4;
    %pushi/vec4 5, 0, 5;
    %cmp/u;
    %jmp/1 T_0.25, 6;
    %dup/vec4;
    %pushi/vec4 6, 0, 5;
    %cmp/u;
    %jmp/1 T_0.26, 6;
    %dup/vec4;
    %pushi/vec4 7, 0, 5;
    %cmp/u;
    %jmp/1 T_0.27, 6;
    %dup/vec4;
    %pushi/vec4 8, 0, 5;
    %cmp/u;
    %jmp/1 T_0.28, 6;
    %dup/vec4;
    %pushi/vec4 9, 0, 5;
    %cmp/u;
    %jmp/1 T_0.29, 6;
    %dup/vec4;
    %pushi/vec4 10, 0, 5;
    %cmp/u;
    %jmp/1 T_0.30, 6;
    %dup/vec4;
    %pushi/vec4 11, 0, 5;
    %cmp/u;
    %jmp/1 T_0.31, 6;
    %dup/vec4;
    %pushi/vec4 12, 0, 5;
    %cmp/u;
    %jmp/1 T_0.32, 6;
    %dup/vec4;
    %pushi/vec4 13, 0, 5;
    %cmp/u;
    %jmp/1 T_0.33, 6;
    %dup/vec4;
    %pushi/vec4 14, 0, 5;
    %cmp/u;
    %jmp/1 T_0.34, 6;
    %dup/vec4;
    %pushi/vec4 15, 0, 5;
    %cmp/u;
    %jmp/1 T_0.35, 6;
    %dup/vec4;
    %pushi/vec4 16, 0, 5;
    %cmp/u;
    %jmp/1 T_0.36, 6;
    %dup/vec4;
    %pushi/vec4 17, 0, 5;
    %cmp/u;
    %jmp/1 T_0.37, 6;
    %dup/vec4;
    %pushi/vec4 18, 0, 5;
    %cmp/u;
    %jmp/1 T_0.38, 6;
    %jmp T_0.40;
T_0.20 ;
    %ix/load 4, 0, 0;
    %flag_set/imm 4, 0;
    %load/vec4a v0000025a285dc1b0, 4;
    %assign/vec4 v0000025a2859a960_0, 0;
    %ix/load 4, 1, 0;
    %flag_set/imm 4, 0;
    %load/vec4a v0000025a285dc1b0, 4;
    %assign/vec4 v0000025a285db260_0, 0;
    %ix/load 4, 2, 0;
    %flag_set/imm 4, 0;
    %load/vec4a v0000025a285dc1b0, 4;
    %assign/vec4 v0000025a285db300_0, 0;
    %ix/load 4, 3, 0;
    %flag_set/imm 4, 0;
    %load/vec4a v0000025a285dc1b0, 4;
    %assign/vec4 v0000025a285db3a0_0, 0;
    %ix/load 4, 0, 0;
    %flag_set/imm 4, 0;
    %load/vec4a v0000025a285db990, 4;
    %assign/vec4 v0000025a284f3120_0, 0;
    %ix/load 4, 1, 0;
    %flag_set/imm 4, 0;
    %load/vec4a v0000025a285db990, 4;
    %assign/vec4 v0000025a285240b0_0, 0;
    %ix/load 4, 2, 0;
    %flag_set/imm 4, 0;
    %load/vec4a v0000025a285db990, 4;
    %assign/vec4 v0000025a28524150_0, 0;
    %ix/load 4, 3, 0;
    %flag_set/imm 4, 0;
    %load/vec4a v0000025a285db990, 4;
    %assign/vec4 v0000025a2859a8c0_0, 0;
    %ix/load 4, 0, 0;
    %flag_set/imm 4, 0;
    %load/vec4a v0000025a285dc430, 4;
    %assign/vec4 v0000025a284f2ce0_0, 0;
    %pushi/vec4 0, 0, 3;
    %assign/vec4 v0000025a285dc070_0, 0;
    %load/vec4 v0000025a285db8f0_0;
    %addi 1, 0, 5;
    %assign/vec4 v0000025a285db8f0_0, 0;
    %jmp T_0.40;
T_0.21 ;
    %ix/load 4, 4, 0;
    %flag_set/imm 4, 0;
    %load/vec4a v0000025a285db990, 4;
    %assign/vec4 v0000025a284f3120_0, 0;
    %ix/load 4, 5, 0;
    %flag_set/imm 4, 0;
    %load/vec4a v0000025a285db990, 4;
    %assign/vec4 v0000025a285240b0_0, 0;
    %ix/load 4, 6, 0;
    %flag_set/imm 4, 0;
    %load/vec4a v0000025a285db990, 4;
    %assign/vec4 v0000025a28524150_0, 0;
    %ix/load 4, 7, 0;
    %flag_set/imm 4, 0;
    %load/vec4a v0000025a285db990, 4;
    %assign/vec4 v0000025a2859a8c0_0, 0;
    %ix/load 4, 1, 0;
    %flag_set/imm 4, 0;
    %load/vec4a v0000025a285dc430, 4;
    %assign/vec4 v0000025a284f2ce0_0, 0;
    %pushi/vec4 1, 0, 3;
    %assign/vec4 v0000025a285dc070_0, 0;
    %load/vec4 v0000025a285db8f0_0;
    %addi 1, 0, 5;
    %assign/vec4 v0000025a285db8f0_0, 0;
    %jmp T_0.40;
T_0.22 ;
    %ix/load 4, 8, 0;
    %flag_set/imm 4, 0;
    %load/vec4a v0000025a285db990, 4;
    %assign/vec4 v0000025a284f3120_0, 0;
    %ix/load 4, 9, 0;
    %flag_set/imm 4, 0;
    %load/vec4a v0000025a285db990, 4;
    %assign/vec4 v0000025a285240b0_0, 0;
    %ix/load 4, 10, 0;
    %flag_set/imm 4, 0;
    %load/vec4a v0000025a285db990, 4;
    %assign/vec4 v0000025a28524150_0, 0;
    %ix/load 4, 11, 0;
    %flag_set/imm 4, 0;
    %load/vec4a v0000025a285db990, 4;
    %assign/vec4 v0000025a2859a8c0_0, 0;
    %ix/load 4, 2, 0;
    %flag_set/imm 4, 0;
    %load/vec4a v0000025a285dc430, 4;
    %assign/vec4 v0000025a284f2ce0_0, 0;
    %pushi/vec4 2, 0, 3;
    %assign/vec4 v0000025a285dc070_0, 0;
    %load/vec4 v0000025a285db8f0_0;
    %addi 1, 0, 5;
    %assign/vec4 v0000025a285db8f0_0, 0;
    %jmp T_0.40;
T_0.23 ;
    %ix/load 4, 12, 0;
    %flag_set/imm 4, 0;
    %load/vec4a v0000025a285db990, 4;
    %assign/vec4 v0000025a284f3120_0, 0;
    %ix/load 4, 13, 0;
    %flag_set/imm 4, 0;
    %load/vec4a v0000025a285db990, 4;
    %assign/vec4 v0000025a285240b0_0, 0;
    %ix/load 4, 14, 0;
    %flag_set/imm 4, 0;
    %load/vec4a v0000025a285db990, 4;
    %assign/vec4 v0000025a28524150_0, 0;
    %ix/load 4, 15, 0;
    %flag_set/imm 4, 0;
    %load/vec4a v0000025a285db990, 4;
    %assign/vec4 v0000025a2859a8c0_0, 0;
    %ix/load 4, 3, 0;
    %flag_set/imm 4, 0;
    %load/vec4a v0000025a285dc430, 4;
    %assign/vec4 v0000025a284f2ce0_0, 0;
    %pushi/vec4 3, 0, 3;
    %assign/vec4 v0000025a285dc070_0, 0;
    %pushi/vec4 2, 0, 3;
    %assign/vec4 v0000025a284f2f00_0, 0;
    %load/vec4 v0000025a285db8f0_0;
    %addi 1, 0, 5;
    %assign/vec4 v0000025a285db8f0_0, 0;
    %jmp T_0.40;
T_0.24 ;
    %ix/load 4, 0, 0;
    %flag_set/imm 4, 0;
    %load/vec4a v0000025a285db440, 4;
    %assign/vec4 v0000025a2859a960_0, 0;
    %ix/load 4, 1, 0;
    %flag_set/imm 4, 0;
    %load/vec4a v0000025a285db440, 4;
    %assign/vec4 v0000025a285db260_0, 0;
    %ix/load 4, 2, 0;
    %flag_set/imm 4, 0;
    %load/vec4a v0000025a285db440, 4;
    %assign/vec4 v0000025a285db300_0, 0;
    %ix/load 4, 3, 0;
    %flag_set/imm 4, 0;
    %load/vec4a v0000025a285db440, 4;
    %assign/vec4 v0000025a285db3a0_0, 0;
    %ix/load 4, 16, 0;
    %flag_set/imm 4, 0;
    %load/vec4a v0000025a285db990, 4;
    %assign/vec4 v0000025a284f3120_0, 0;
    %ix/load 4, 17, 0;
    %flag_set/imm 4, 0;
    %load/vec4a v0000025a285db990, 4;
    %assign/vec4 v0000025a285240b0_0, 0;
    %ix/load 4, 18, 0;
    %flag_set/imm 4, 0;
    %load/vec4a v0000025a285db990, 4;
    %assign/vec4 v0000025a28524150_0, 0;
    %ix/load 4, 19, 0;
    %flag_set/imm 4, 0;
    %load/vec4a v0000025a285db990, 4;
    %assign/vec4 v0000025a2859a8c0_0, 0;
    %ix/load 4, 4, 0;
    %flag_set/imm 4, 0;
    %load/vec4a v0000025a285dc430, 4;
    %assign/vec4 v0000025a284f2ce0_0, 0;
    %pushi/vec4 0, 0, 3;
    %assign/vec4 v0000025a285dc070_0, 0;
    %load/vec4 v0000025a285db8f0_0;
    %addi 1, 0, 5;
    %assign/vec4 v0000025a285db8f0_0, 0;
    %pushi/vec4 2, 0, 3;
    %assign/vec4 v0000025a284f2f00_0, 0;
    %jmp T_0.40;
T_0.25 ;
    %ix/load 4, 20, 0;
    %flag_set/imm 4, 0;
    %load/vec4a v0000025a285db990, 4;
    %assign/vec4 v0000025a284f3120_0, 0;
    %ix/load 4, 21, 0;
    %flag_set/imm 4, 0;
    %load/vec4a v0000025a285db990, 4;
    %assign/vec4 v0000025a285240b0_0, 0;
    %ix/load 4, 22, 0;
    %flag_set/imm 4, 0;
    %load/vec4a v0000025a285db990, 4;
    %assign/vec4 v0000025a28524150_0, 0;
    %ix/load 4, 23, 0;
    %flag_set/imm 4, 0;
    %load/vec4a v0000025a285db990, 4;
    %assign/vec4 v0000025a2859a8c0_0, 0;
    %ix/load 4, 5, 0;
    %flag_set/imm 4, 0;
    %load/vec4a v0000025a285dc430, 4;
    %assign/vec4 v0000025a284f2ce0_0, 0;
    %pushi/vec4 1, 0, 3;
    %assign/vec4 v0000025a285dc070_0, 0;
    %pushi/vec4 2, 0, 3;
    %assign/vec4 v0000025a284f2f00_0, 0;
    %load/vec4 v0000025a285db8f0_0;
    %addi 1, 0, 5;
    %assign/vec4 v0000025a285db8f0_0, 0;
    %jmp T_0.40;
T_0.26 ;
    %ix/load 4, 0, 0;
    %flag_set/imm 4, 0;
    %load/vec4a v0000025a285db440, 4;
    %assign/vec4 v0000025a2859a960_0, 0;
    %ix/load 4, 1, 0;
    %flag_set/imm 4, 0;
    %load/vec4a v0000025a285db440, 4;
    %assign/vec4 v0000025a285db260_0, 0;
    %pushi/vec4 0, 0, 32;
    %assign/vec4 v0000025a285db300_0, 0;
    %pushi/vec4 0, 0, 32;
    %assign/vec4 v0000025a285db3a0_0, 0;
    %ix/load 4, 24, 0;
    %flag_set/imm 4, 0;
    %load/vec4a v0000025a285db990, 4;
    %assign/vec4 v0000025a284f3120_0, 0;
    %ix/load 4, 25, 0;
    %flag_set/imm 4, 0;
    %load/vec4a v0000025a285db990, 4;
    %assign/vec4 v0000025a285240b0_0, 0;
    %pushi/vec4 0, 0, 32;
    %assign/vec4 v0000025a28524150_0, 0;
    %pushi/vec4 0, 0, 32;
    %assign/vec4 v0000025a2859a8c0_0, 0;
    %ix/load 4, 6, 0;
    %flag_set/imm 4, 0;
    %load/vec4a v0000025a285dc430, 4;
    %assign/vec4 v0000025a284f2ce0_0, 0;
    %pushi/vec4 0, 0, 3;
    %assign/vec4 v0000025a285dc070_0, 0;
    %load/vec4 v0000025a285db8f0_0;
    %addi 1, 0, 5;
    %assign/vec4 v0000025a285db8f0_0, 0;
    %pushi/vec4 2, 0, 3;
    %assign/vec4 v0000025a284f2f00_0, 0;
    %jmp T_0.40;
T_0.27 ;
    %ix/load 4, 0, 0;
    %flag_set/imm 4, 0;
    %load/vec4a v0000025a285db440, 4;
    %assign/vec4 v0000025a2859a960_0, 0;
    %pushi/vec4 0, 0, 32;
    %assign/vec4 v0000025a285db260_0, 0;
    %pushi/vec4 0, 0, 32;
    %assign/vec4 v0000025a285db300_0, 0;
    %pushi/vec4 0, 0, 32;
    %assign/vec4 v0000025a285db3a0_0, 0;
    %ix/load 4, 26, 0;
    %flag_set/imm 4, 0;
    %load/vec4a v0000025a285db990, 4;
    %assign/vec4 v0000025a284f3120_0, 0;
    %pushi/vec4 0, 0, 32;
    %assign/vec4 v0000025a285240b0_0, 0;
    %pushi/vec4 0, 0, 32;
    %assign/vec4 v0000025a28524150_0, 0;
    %pushi/vec4 0, 0, 32;
    %assign/vec4 v0000025a2859a8c0_0, 0;
    %ix/load 4, 7, 0;
    %flag_set/imm 4, 0;
    %load/vec4a v0000025a285dc430, 4;
    %assign/vec4 v0000025a284f2ce0_0, 0;
    %pushi/vec4 0, 0, 3;
    %assign/vec4 v0000025a285dc070_0, 0;
    %load/vec4 v0000025a285db8f0_0;
    %addi 1, 0, 5;
    %assign/vec4 v0000025a285db8f0_0, 0;
    %pushi/vec4 2, 0, 3;
    %assign/vec4 v0000025a284f2f00_0, 0;
    %jmp T_0.40;
T_0.28 ;
    %ix/load 4, 0, 0;
    %flag_set/imm 4, 0;
    %load/vec4a v0000025a285db440, 4;
    %assign/vec4 v0000025a2859a960_0, 0;
    %pushi/vec4 0, 0, 32;
    %assign/vec4 v0000025a285db260_0, 0;
    %pushi/vec4 0, 0, 32;
    %assign/vec4 v0000025a285db300_0, 0;
    %pushi/vec4 0, 0, 32;
    %assign/vec4 v0000025a285db3a0_0, 0;
    %ix/load 4, 27, 0;
    %flag_set/imm 4, 0;
    %load/vec4a v0000025a285db990, 4;
    %assign/vec4 v0000025a284f3120_0, 0;
    %pushi/vec4 0, 0, 32;
    %assign/vec4 v0000025a285240b0_0, 0;
    %pushi/vec4 0, 0, 32;
    %assign/vec4 v0000025a28524150_0, 0;
    %pushi/vec4 0, 0, 32;
    %assign/vec4 v0000025a2859a8c0_0, 0;
    %ix/load 4, 8, 0;
    %flag_set/imm 4, 0;
    %load/vec4a v0000025a285dc430, 4;
    %assign/vec4 v0000025a284f2ce0_0, 0;
    %pushi/vec4 0, 0, 3;
    %assign/vec4 v0000025a285dc070_0, 0;
    %load/vec4 v0000025a285db8f0_0;
    %addi 1, 0, 5;
    %assign/vec4 v0000025a285db8f0_0, 0;
    %pushi/vec4 2, 0, 3;
    %assign/vec4 v0000025a284f2f00_0, 0;
    %jmp T_0.40;
T_0.29 ;
    %ix/load 4, 0, 0;
    %flag_set/imm 4, 0;
    %load/vec4a v0000025a285db440, 4;
    %assign/vec4 v0000025a2859a960_0, 0;
    %pushi/vec4 0, 0, 32;
    %assign/vec4 v0000025a285db260_0, 0;
    %pushi/vec4 0, 0, 32;
    %assign/vec4 v0000025a285db300_0, 0;
    %pushi/vec4 0, 0, 32;
    %assign/vec4 v0000025a285db3a0_0, 0;
    %ix/load 4, 28, 0;
    %flag_set/imm 4, 0;
    %load/vec4a v0000025a285db990, 4;
    %assign/vec4 v0000025a284f3120_0, 0;
    %pushi/vec4 0, 0, 32;
    %assign/vec4 v0000025a285240b0_0, 0;
    %pushi/vec4 0, 0, 32;
    %assign/vec4 v0000025a28524150_0, 0;
    %pushi/vec4 0, 0, 32;
    %assign/vec4 v0000025a2859a8c0_0, 0;
    %ix/load 4, 9, 0;
    %flag_set/imm 4, 0;
    %load/vec4a v0000025a285dc430, 4;
    %assign/vec4 v0000025a284f2ce0_0, 0;
    %pushi/vec4 0, 0, 3;
    %assign/vec4 v0000025a285dc070_0, 0;
    %load/vec4 v0000025a285db8f0_0;
    %addi 1, 0, 5;
    %assign/vec4 v0000025a285db8f0_0, 0;
    %pushi/vec4 2, 0, 3;
    %assign/vec4 v0000025a284f2f00_0, 0;
    %jmp T_0.40;
T_0.30 ;
    %ix/load 4, 29, 0;
    %flag_set/imm 4, 0;
    %load/vec4a v0000025a285db990, 4;
    %assign/vec4 v0000025a284f3120_0, 0;
    %pushi/vec4 0, 0, 32;
    %assign/vec4 v0000025a285240b0_0, 0;
    %pushi/vec4 0, 0, 32;
    %assign/vec4 v0000025a28524150_0, 0;
    %pushi/vec4 0, 0, 32;
    %assign/vec4 v0000025a2859a8c0_0, 0;
    %ix/load 4, 10, 0;
    %flag_set/imm 4, 0;
    %load/vec4a v0000025a285dc430, 4;
    %assign/vec4 v0000025a284f2ce0_0, 0;
    %pushi/vec4 1, 0, 3;
    %assign/vec4 v0000025a285dc070_0, 0;
    %load/vec4 v0000025a285db8f0_0;
    %addi 1, 0, 5;
    %assign/vec4 v0000025a285db8f0_0, 0;
    %pushi/vec4 2, 0, 3;
    %assign/vec4 v0000025a284f2f00_0, 0;
    %jmp T_0.40;
T_0.31 ;
    %ix/load 4, 0, 0;
    %flag_set/imm 4, 0;
    %load/vec4a v0000025a285db440, 4;
    %assign/vec4 v0000025a2859a960_0, 0;
    %ix/load 4, 1, 0;
    %flag_set/imm 4, 0;
    %load/vec4a v0000025a285db440, 4;
    %assign/vec4 v0000025a285db260_0, 0;
    %pushi/vec4 0, 0, 32;
    %assign/vec4 v0000025a285db300_0, 0;
    %pushi/vec4 0, 0, 32;
    %assign/vec4 v0000025a285db3a0_0, 0;
    %ix/load 4, 30, 0;
    %flag_set/imm 4, 0;
    %load/vec4a v0000025a285db990, 4;
    %assign/vec4 v0000025a284f3120_0, 0;
    %ix/load 4, 31, 0;
    %flag_set/imm 4, 0;
    %load/vec4a v0000025a285db990, 4;
    %assign/vec4 v0000025a285240b0_0, 0;
    %pushi/vec4 0, 0, 32;
    %assign/vec4 v0000025a28524150_0, 0;
    %pushi/vec4 0, 0, 32;
    %assign/vec4 v0000025a2859a8c0_0, 0;
    %ix/load 4, 11, 0;
    %flag_set/imm 4, 0;
    %load/vec4a v0000025a285dc430, 4;
    %assign/vec4 v0000025a284f2ce0_0, 0;
    %pushi/vec4 0, 0, 3;
    %assign/vec4 v0000025a285dc070_0, 0;
    %load/vec4 v0000025a285db8f0_0;
    %addi 1, 0, 5;
    %assign/vec4 v0000025a285db8f0_0, 0;
    %pushi/vec4 2, 0, 3;
    %assign/vec4 v0000025a284f2f00_0, 0;
    %jmp T_0.40;
T_0.32 ;
    %ix/load 4, 32, 0;
    %flag_set/imm 4, 0;
    %load/vec4a v0000025a285db990, 4;
    %assign/vec4 v0000025a284f3120_0, 0;
    %ix/load 4, 33, 0;
    %flag_set/imm 4, 0;
    %load/vec4a v0000025a285db990, 4;
    %assign/vec4 v0000025a285240b0_0, 0;
    %pushi/vec4 0, 0, 32;
    %assign/vec4 v0000025a28524150_0, 0;
    %pushi/vec4 0, 0, 32;
    %assign/vec4 v0000025a2859a8c0_0, 0;
    %ix/load 4, 12, 0;
    %flag_set/imm 4, 0;
    %load/vec4a v0000025a285dc430, 4;
    %assign/vec4 v0000025a284f2ce0_0, 0;
    %pushi/vec4 1, 0, 3;
    %assign/vec4 v0000025a285dc070_0, 0;
    %load/vec4 v0000025a285db8f0_0;
    %addi 1, 0, 5;
    %assign/vec4 v0000025a285db8f0_0, 0;
    %pushi/vec4 2, 0, 3;
    %assign/vec4 v0000025a284f2f00_0, 0;
    %jmp T_0.40;
T_0.33 ;
    %ix/load 4, 34, 0;
    %flag_set/imm 4, 0;
    %load/vec4a v0000025a285db990, 4;
    %assign/vec4 v0000025a284f3120_0, 0;
    %ix/load 4, 35, 0;
    %flag_set/imm 4, 0;
    %load/vec4a v0000025a285db990, 4;
    %assign/vec4 v0000025a285240b0_0, 0;
    %pushi/vec4 0, 0, 32;
    %assign/vec4 v0000025a28524150_0, 0;
    %pushi/vec4 0, 0, 32;
    %assign/vec4 v0000025a2859a8c0_0, 0;
    %ix/load 4, 13, 0;
    %flag_set/imm 4, 0;
    %load/vec4a v0000025a285dc430, 4;
    %assign/vec4 v0000025a284f2ce0_0, 0;
    %pushi/vec4 2, 0, 3;
    %assign/vec4 v0000025a285dc070_0, 0;
    %load/vec4 v0000025a285db8f0_0;
    %addi 1, 0, 5;
    %assign/vec4 v0000025a285db8f0_0, 0;
    %pushi/vec4 2, 0, 3;
    %assign/vec4 v0000025a284f2f00_0, 0;
    %jmp T_0.40;
T_0.34 ;
    %ix/load 4, 36, 0;
    %flag_set/imm 4, 0;
    %load/vec4a v0000025a285db990, 4;
    %assign/vec4 v0000025a284f3120_0, 0;
    %ix/load 4, 37, 0;
    %flag_set/imm 4, 0;
    %load/vec4a v0000025a285db990, 4;
    %assign/vec4 v0000025a285240b0_0, 0;
    %pushi/vec4 0, 0, 32;
    %assign/vec4 v0000025a28524150_0, 0;
    %pushi/vec4 0, 0, 32;
    %assign/vec4 v0000025a2859a8c0_0, 0;
    %ix/load 4, 14, 0;
    %flag_set/imm 4, 0;
    %load/vec4a v0000025a285dc430, 4;
    %assign/vec4 v0000025a284f2ce0_0, 0;
    %pushi/vec4 3, 0, 3;
    %assign/vec4 v0000025a285dc070_0, 0;
    %load/vec4 v0000025a285db8f0_0;
    %addi 1, 0, 5;
    %assign/vec4 v0000025a285db8f0_0, 0;
    %pushi/vec4 2, 0, 3;
    %assign/vec4 v0000025a284f2f00_0, 0;
    %jmp T_0.40;
T_0.35 ;
    %ix/load 4, 0, 0;
    %flag_set/imm 4, 0;
    %load/vec4a v0000025a285db440, 4;
    %assign/vec4 v0000025a2859a960_0, 0;
    %ix/load 4, 1, 0;
    %flag_set/imm 4, 0;
    %load/vec4a v0000025a285db440, 4;
    %assign/vec4 v0000025a285db260_0, 0;
    %ix/load 4, 2, 0;
    %flag_set/imm 4, 0;
    %load/vec4a v0000025a285db440, 4;
    %assign/vec4 v0000025a285db300_0, 0;
    %ix/load 4, 3, 0;
    %flag_set/imm 4, 0;
    %load/vec4a v0000025a285db440, 4;
    %assign/vec4 v0000025a285db3a0_0, 0;
    %ix/load 4, 38, 0;
    %flag_set/imm 4, 0;
    %load/vec4a v0000025a285db990, 4;
    %assign/vec4 v0000025a284f3120_0, 0;
    %ix/load 4, 39, 0;
    %flag_set/imm 4, 0;
    %load/vec4a v0000025a285db990, 4;
    %assign/vec4 v0000025a285240b0_0, 0;
    %ix/load 4, 40, 0;
    %flag_set/imm 4, 0;
    %load/vec4a v0000025a285db990, 4;
    %assign/vec4 v0000025a28524150_0, 0;
    %ix/load 4, 41, 0;
    %flag_set/imm 4, 0;
    %load/vec4a v0000025a285db990, 4;
    %assign/vec4 v0000025a2859a8c0_0, 0;
    %ix/load 4, 15, 0;
    %flag_set/imm 4, 0;
    %load/vec4a v0000025a285dc430, 4;
    %assign/vec4 v0000025a284f2ce0_0, 0;
    %pushi/vec4 0, 0, 3;
    %assign/vec4 v0000025a285dc070_0, 0;
    %load/vec4 v0000025a285db8f0_0;
    %addi 1, 0, 5;
    %assign/vec4 v0000025a285db8f0_0, 0;
    %jmp T_0.40;
T_0.36 ;
    %ix/load 4, 42, 0;
    %flag_set/imm 4, 0;
    %load/vec4a v0000025a285db990, 4;
    %assign/vec4 v0000025a284f3120_0, 0;
    %ix/load 4, 43, 0;
    %flag_set/imm 4, 0;
    %load/vec4a v0000025a285db990, 4;
    %assign/vec4 v0000025a285240b0_0, 0;
    %ix/load 4, 44, 0;
    %flag_set/imm 4, 0;
    %load/vec4a v0000025a285db990, 4;
    %assign/vec4 v0000025a28524150_0, 0;
    %ix/load 4, 45, 0;
    %flag_set/imm 4, 0;
    %load/vec4a v0000025a285db990, 4;
    %assign/vec4 v0000025a2859a8c0_0, 0;
    %ix/load 4, 16, 0;
    %flag_set/imm 4, 0;
    %load/vec4a v0000025a285dc430, 4;
    %assign/vec4 v0000025a284f2ce0_0, 0;
    %pushi/vec4 1, 0, 3;
    %assign/vec4 v0000025a285dc070_0, 0;
    %load/vec4 v0000025a285db8f0_0;
    %addi 1, 0, 5;
    %assign/vec4 v0000025a285db8f0_0, 0;
    %jmp T_0.40;
T_0.37 ;
    %ix/load 4, 46, 0;
    %flag_set/imm 4, 0;
    %load/vec4a v0000025a285db990, 4;
    %assign/vec4 v0000025a284f3120_0, 0;
    %ix/load 4, 47, 0;
    %flag_set/imm 4, 0;
    %load/vec4a v0000025a285db990, 4;
    %assign/vec4 v0000025a285240b0_0, 0;
    %ix/load 4, 48, 0;
    %flag_set/imm 4, 0;
    %load/vec4a v0000025a285db990, 4;
    %assign/vec4 v0000025a28524150_0, 0;
    %ix/load 4, 49, 0;
    %flag_set/imm 4, 0;
    %load/vec4a v0000025a285db990, 4;
    %assign/vec4 v0000025a2859a8c0_0, 0;
    %ix/load 4, 17, 0;
    %flag_set/imm 4, 0;
    %load/vec4a v0000025a285dc430, 4;
    %assign/vec4 v0000025a284f2ce0_0, 0;
    %pushi/vec4 2, 0, 3;
    %assign/vec4 v0000025a285dc070_0, 0;
    %load/vec4 v0000025a285db8f0_0;
    %addi 1, 0, 5;
    %assign/vec4 v0000025a285db8f0_0, 0;
    %jmp T_0.40;
T_0.38 ;
    %ix/load 4, 50, 0;
    %flag_set/imm 4, 0;
    %load/vec4a v0000025a285db990, 4;
    %assign/vec4 v0000025a284f3120_0, 0;
    %ix/load 4, 51, 0;
    %flag_set/imm 4, 0;
    %load/vec4a v0000025a285db990, 4;
    %assign/vec4 v0000025a285240b0_0, 0;
    %ix/load 4, 52, 0;
    %flag_set/imm 4, 0;
    %load/vec4a v0000025a285db990, 4;
    %assign/vec4 v0000025a28524150_0, 0;
    %ix/load 4, 53, 0;
    %flag_set/imm 4, 0;
    %load/vec4a v0000025a285db990, 4;
    %assign/vec4 v0000025a2859a8c0_0, 0;
    %ix/load 4, 18, 0;
    %flag_set/imm 4, 0;
    %load/vec4a v0000025a285dc430, 4;
    %assign/vec4 v0000025a284f2ce0_0, 0;
    %pushi/vec4 3, 0, 3;
    %assign/vec4 v0000025a285dc070_0, 0;
    %load/vec4 v0000025a285db8f0_0;
    %addi 1, 0, 5;
    %assign/vec4 v0000025a285db8f0_0, 0;
    %jmp T_0.40;
T_0.40 ;
    %pop/vec4 1;
    %pushi/vec4 2, 0, 3;
    %assign/vec4 v0000025a284f2f00_0, 0;
    %jmp T_0.9;
T_0.4 ;
    %load/vec4 v0000025a2859a960_0;
    %load/vec4 v0000025a284f3120_0;
    %mul;
    %load/vec4 v0000025a285db260_0;
    %load/vec4 v0000025a285240b0_0;
    %mul;
    %add;
    %load/vec4 v0000025a285dc070_0;
    %pad/u 4;
    %ix/vec4 3;
    %ix/load 4, 0, 0; Constant delay
    %assign/vec4/a/d v0000025a285db440, 0, 4;
    %pushi/vec4 3, 0, 3;
    %assign/vec4 v0000025a284f2f00_0, 0;
    %jmp T_0.9;
T_0.5 ;
    %load/vec4 v0000025a285dc070_0;
    %pad/u 4;
    %ix/vec4 4;
    %load/vec4a v0000025a285db440, 4;
    %load/vec4 v0000025a285db300_0;
    %load/vec4 v0000025a28524150_0;
    %mul;
    %add;
    %load/vec4 v0000025a285db3a0_0;
    %load/vec4 v0000025a2859a8c0_0;
    %mul;
    %add;
    %load/vec4 v0000025a285dc070_0;
    %pad/u 4;
    %ix/vec4 3;
    %ix/load 4, 0, 0; Constant delay
    %assign/vec4/a/d v0000025a285db440, 0, 4;
    %pushi/vec4 4, 0, 3;
    %assign/vec4 v0000025a284f2f00_0, 0;
    %jmp T_0.9;
T_0.6 ;
    %load/vec4 v0000025a285dc070_0;
    %pad/u 4;
    %ix/vec4 4;
    %load/vec4a v0000025a285db440, 4;
    %load/vec4 v0000025a284f2ce0_0;
    %add;
    %store/vec4 v0000025a285db670_0, 0, 32;
    %load/vec4 v0000025a285db670_0;
    %cmpi/s 0, 0, 32;
    %jmp/0xz  T_0.41, 5;
    %pushi/vec4 0, 0, 32;
    %load/vec4 v0000025a285dc070_0;
    %pad/u 4;
    %ix/vec4 3;
    %ix/load 4, 0, 0; Constant delay
    %assign/vec4/a/d v0000025a285db440, 0, 4;
    %jmp T_0.42;
T_0.41 ;
    %load/vec4 v0000025a285db670_0;
    %load/vec4 v0000025a285dc070_0;
    %pad/u 4;
    %ix/vec4 3;
    %ix/load 4, 0, 0; Constant delay
    %assign/vec4/a/d v0000025a285db440, 0, 4;
T_0.42 ;
    %load/vec4 v0000025a285db8f0_0;
    %pad/u 32;
    %cmpi/u 19, 0, 32;
    %jmp/0xz  T_0.43, 5;
    %pushi/vec4 6, 0, 3;
    %assign/vec4 v0000025a284f2f00_0, 0;
    %jmp T_0.44;
T_0.43 ;
    %pushi/vec4 5, 0, 3;
    %assign/vec4 v0000025a284f2f00_0, 0;
T_0.44 ;
    %jmp T_0.9;
T_0.7 ;
    %ix/load 4, 0, 0;
    %flag_set/imm 4, 0;
    %load/vec4a v0000025a285db440, 4;
    %assign/vec4 v0000025a285db710_0, 0;
    %jmp T_0.9;
T_0.9 ;
    %pop/vec4 1;
T_0.1 ;
    %jmp T_0;
    .thread T_0;
    .scope S_0000025a284dbe50;
T_1 ;
    %delay 5000, 0;
    %load/vec4 v0000025a285dbfd0_0;
    %inv;
    %store/vec4 v0000025a285dbfd0_0, 0, 1;
    %jmp T_1;
    .thread T_1;
    .scope S_0000025a284dbe50;
T_2 ;
    %pushi/vec4 0, 0, 32;
    %ix/load 4, 0, 0;
    %flag_set/imm 4, 0;
    %store/vec4a v0000025a285dde10, 4, 0;
    %pushi/vec4 1, 0, 32;
    %ix/load 4, 1, 0;
    %flag_set/imm 4, 0;
    %store/vec4a v0000025a285dde10, 4, 0;
    %pushi/vec4 1, 0, 32;
    %ix/load 4, 2, 0;
    %flag_set/imm 4, 0;
    %store/vec4a v0000025a285dde10, 4, 0;
    %pushi/vec4 0, 0, 32;
    %ix/load 4, 3, 0;
    %flag_set/imm 4, 0;
    %store/vec4a v0000025a285dde10, 4, 0;
    %pushi/vec4 6, 0, 32;
    %ix/load 4, 0, 0;
    %flag_set/imm 4, 0;
    %store/vec4a v0000025a285dc110, 4, 0;
    %pushi/vec4 21, 0, 32;
    %ix/load 4, 1, 0;
    %flag_set/imm 4, 0;
    %store/vec4a v0000025a285dc110, 4, 0;
    %pushi/vec4 3, 0, 32;
    %ix/load 4, 2, 0;
    %flag_set/imm 4, 0;
    %store/vec4a v0000025a285dc110, 4, 0;
    %pushi/vec4 18, 0, 32;
    %ix/load 4, 3, 0;
    %flag_set/imm 4, 0;
    %store/vec4a v0000025a285dc110, 4, 0;
    %pushi/vec4 4294967293, 0, 32;
    %ix/load 4, 4, 0;
    %flag_set/imm 4, 0;
    %store/vec4a v0000025a285dc110, 4, 0;
    %pushi/vec4 16, 0, 32;
    %ix/load 4, 5, 0;
    %flag_set/imm 4, 0;
    %store/vec4a v0000025a285dc110, 4, 0;
    %pushi/vec4 4294967293, 0, 32;
    %ix/load 4, 6, 0;
    %flag_set/imm 4, 0;
    %store/vec4a v0000025a285dc110, 4, 0;
    %pushi/vec4 12, 0, 32;
    %ix/load 4, 7, 0;
    %flag_set/imm 4, 0;
    %store/vec4a v0000025a285dc110, 4, 0;
    %pushi/vec4 5, 0, 32;
    %ix/load 4, 8, 0;
    %flag_set/imm 4, 0;
    %store/vec4a v0000025a285dc110, 4, 0;
    %pushi/vec4 4294967290, 0, 32;
    %ix/load 4, 9, 0;
    %flag_set/imm 4, 0;
    %store/vec4a v0000025a285dc110, 4, 0;
    %pushi/vec4 4294967281, 0, 32;
    %ix/load 4, 10, 0;
    %flag_set/imm 4, 0;
    %store/vec4a v0000025a285dc110, 4, 0;
    %pushi/vec4 4294967292, 0, 32;
    %ix/load 4, 11, 0;
    %flag_set/imm 4, 0;
    %store/vec4a v0000025a285dc110, 4, 0;
    %pushi/vec4 4294967280, 0, 32;
    %ix/load 4, 12, 0;
    %flag_set/imm 4, 0;
    %store/vec4a v0000025a285dc110, 4, 0;
    %pushi/vec4 4294967287, 0, 32;
    %ix/load 4, 13, 0;
    %flag_set/imm 4, 0;
    %store/vec4a v0000025a285dc110, 4, 0;
    %pushi/vec4 4294967279, 0, 32;
    %ix/load 4, 14, 0;
    %flag_set/imm 4, 0;
    %store/vec4a v0000025a285dc110, 4, 0;
    %pushi/vec4 4294967288, 0, 32;
    %ix/load 4, 15, 0;
    %flag_set/imm 4, 0;
    %store/vec4a v0000025a285dc110, 4, 0;
    %pushi/vec4 1, 0, 32;
    %ix/load 4, 0, 0;
    %flag_set/imm 4, 0;
    %store/vec4a v0000025a285dc570, 4, 0;
    %pushi/vec4 0, 0, 32;
    %ix/load 4, 1, 0;
    %flag_set/imm 4, 0;
    %store/vec4a v0000025a285dc570, 4, 0;
    %pushi/vec4 2, 0, 32;
    %ix/load 4, 2, 0;
    %flag_set/imm 4, 0;
    %store/vec4a v0000025a285dc570, 4, 0;
    %pushi/vec4 4294967295, 0, 32;
    %ix/load 4, 3, 0;
    %flag_set/imm 4, 0;
    %store/vec4a v0000025a285dc570, 4, 0;
    %pushi/vec4 4, 0, 32;
    %ix/load 4, 16, 0;
    %flag_set/imm 4, 0;
    %store/vec4a v0000025a285dc110, 4, 0;
    %pushi/vec4 14, 0, 32;
    %ix/load 4, 17, 0;
    %flag_set/imm 4, 0;
    %store/vec4a v0000025a285dc110, 4, 0;
    %pushi/vec4 8, 0, 32;
    %ix/load 4, 18, 0;
    %flag_set/imm 4, 0;
    %store/vec4a v0000025a285dc110, 4, 0;
    %pushi/vec4 15, 0, 32;
    %ix/load 4, 19, 0;
    %flag_set/imm 4, 0;
    %store/vec4a v0000025a285dc110, 4, 0;
    %pushi/vec4 4294967282, 0, 32;
    %ix/load 4, 20, 0;
    %flag_set/imm 4, 0;
    %store/vec4a v0000025a285dc110, 4, 0;
    %pushi/vec4 14, 0, 32;
    %ix/load 4, 21, 0;
    %flag_set/imm 4, 0;
    %store/vec4a v0000025a285dc110, 4, 0;
    %pushi/vec4 9, 0, 32;
    %ix/load 4, 22, 0;
    %flag_set/imm 4, 0;
    %store/vec4a v0000025a285dc110, 4, 0;
    %pushi/vec4 15, 0, 32;
    %ix/load 4, 23, 0;
    %flag_set/imm 4, 0;
    %store/vec4a v0000025a285dc110, 4, 0;
    %pushi/vec4 1, 0, 32;
    %ix/load 4, 4, 0;
    %flag_set/imm 4, 0;
    %store/vec4a v0000025a285dc570, 4, 0;
    %pushi/vec4 4, 0, 32;
    %ix/load 4, 5, 0;
    %flag_set/imm 4, 0;
    %store/vec4a v0000025a285dc570, 4, 0;
    %pushi/vec4 14, 0, 32;
    %ix/load 4, 24, 0;
    %flag_set/imm 4, 0;
    %store/vec4a v0000025a285dc110, 4, 0;
    %pushi/vec4 6, 0, 32;
    %ix/load 4, 25, 0;
    %flag_set/imm 4, 0;
    %store/vec4a v0000025a285dc110, 4, 0;
    %pushi/vec4 5, 0, 32;
    %ix/load 4, 6, 0;
    %flag_set/imm 4, 0;
    %store/vec4a v0000025a285dc570, 4, 0;
    %pushi/vec4 1, 0, 32;
    %ix/load 4, 26, 0;
    %flag_set/imm 4, 0;
    %store/vec4a v0000025a285dc110, 4, 0;
    %pushi/vec4 10, 0, 32;
    %ix/load 4, 7, 0;
    %flag_set/imm 4, 0;
    %store/vec4a v0000025a285dc570, 4, 0;
    %pushi/vec4 1, 0, 32;
    %ix/load 4, 27, 0;
    %flag_set/imm 4, 0;
    %store/vec4a v0000025a285dc110, 4, 0;
    %pushi/vec4 4294967292, 0, 32;
    %ix/load 4, 8, 0;
    %flag_set/imm 4, 0;
    %store/vec4a v0000025a285dc570, 4, 0;
    %pushi/vec4 4294967288, 0, 32;
    %ix/load 4, 28, 0;
    %flag_set/imm 4, 0;
    %store/vec4a v0000025a285dc110, 4, 0;
    %pushi/vec4 14, 0, 32;
    %ix/load 4, 29, 0;
    %flag_set/imm 4, 0;
    %store/vec4a v0000025a285dc110, 4, 0;
    %pushi/vec4 20, 0, 32;
    %ix/load 4, 9, 0;
    %flag_set/imm 4, 0;
    %store/vec4a v0000025a285dc570, 4, 0;
    %pushi/vec4 0, 0, 32;
    %ix/load 4, 10, 0;
    %flag_set/imm 4, 0;
    %store/vec4a v0000025a285dc570, 4, 0;
    %pushi/vec4 4, 0, 32;
    %ix/load 4, 30, 0;
    %flag_set/imm 4, 0;
    %store/vec4a v0000025a285dc110, 4, 0;
    %pushi/vec4 14, 0, 32;
    %ix/load 4, 31, 0;
    %flag_set/imm 4, 0;
    %store/vec4a v0000025a285dc110, 4, 0;
    %pushi/vec4 8, 0, 32;
    %ix/load 4, 32, 0;
    %flag_set/imm 4, 0;
    %store/vec4a v0000025a285dc110, 4, 0;
    %pushi/vec4 15, 0, 32;
    %ix/load 4, 33, 0;
    %flag_set/imm 4, 0;
    %store/vec4a v0000025a285dc110, 4, 0;
    %pushi/vec4 4294967282, 0, 32;
    %ix/load 4, 34, 0;
    %flag_set/imm 4, 0;
    %store/vec4a v0000025a285dc110, 4, 0;
    %pushi/vec4 14, 0, 32;
    %ix/load 4, 35, 0;
    %flag_set/imm 4, 0;
    %store/vec4a v0000025a285dc110, 4, 0;
    %pushi/vec4 9, 0, 32;
    %ix/load 4, 36, 0;
    %flag_set/imm 4, 0;
    %store/vec4a v0000025a285dc110, 4, 0;
    %pushi/vec4 15, 0, 32;
    %ix/load 4, 37, 0;
    %flag_set/imm 4, 0;
    %store/vec4a v0000025a285dc110, 4, 0;
    %pushi/vec4 5, 0, 32;
    %ix/load 4, 11, 0;
    %flag_set/imm 4, 0;
    %store/vec4a v0000025a285dc570, 4, 0;
    %pushi/vec4 3, 0, 32;
    %ix/load 4, 12, 0;
    %flag_set/imm 4, 0;
    %store/vec4a v0000025a285dc570, 4, 0;
    %pushi/vec4 1, 0, 32;
    %ix/load 4, 13, 0;
    %flag_set/imm 4, 0;
    %store/vec4a v0000025a285dc570, 4, 0;
    %pushi/vec4 2, 0, 32;
    %ix/load 4, 14, 0;
    %flag_set/imm 4, 0;
    %store/vec4a v0000025a285dc570, 4, 0;
    %pushi/vec4 11, 0, 32;
    %ix/load 4, 38, 0;
    %flag_set/imm 4, 0;
    %store/vec4a v0000025a285dc110, 4, 0;
    %pushi/vec4 4294967289, 0, 32;
    %ix/load 4, 39, 0;
    %flag_set/imm 4, 0;
    %store/vec4a v0000025a285dc110, 4, 0;
    %pushi/vec4 10, 0, 32;
    %ix/load 4, 40, 0;
    %flag_set/imm 4, 0;
    %store/vec4a v0000025a285dc110, 4, 0;
    %pushi/vec4 4294967289, 0, 32;
    %ix/load 4, 41, 0;
    %flag_set/imm 4, 0;
    %store/vec4a v0000025a285dc110, 4, 0;
    %pushi/vec4 9, 0, 32;
    %ix/load 4, 42, 0;
    %flag_set/imm 4, 0;
    %store/vec4a v0000025a285dc110, 4, 0;
    %pushi/vec4 4294967290, 0, 32;
    %ix/load 4, 43, 0;
    %flag_set/imm 4, 0;
    %store/vec4a v0000025a285dc110, 4, 0;
    %pushi/vec4 11, 0, 32;
    %ix/load 4, 44, 0;
    %flag_set/imm 4, 0;
    %store/vec4a v0000025a285dc110, 4, 0;
    %pushi/vec4 4294967289, 0, 32;
    %ix/load 4, 45, 0;
    %flag_set/imm 4, 0;
    %store/vec4a v0000025a285dc110, 4, 0;
    %pushi/vec4 10, 0, 32;
    %ix/load 4, 46, 0;
    %flag_set/imm 4, 0;
    %store/vec4a v0000025a285dc110, 4, 0;
    %pushi/vec4 4294967281, 0, 32;
    %ix/load 4, 47, 0;
    %flag_set/imm 4, 0;
    %store/vec4a v0000025a285dc110, 4, 0;
    %pushi/vec4 4294967291, 0, 32;
    %ix/load 4, 48, 0;
    %flag_set/imm 4, 0;
    %store/vec4a v0000025a285dc110, 4, 0;
    %pushi/vec4 7, 0, 32;
    %ix/load 4, 49, 0;
    %flag_set/imm 4, 0;
    %store/vec4a v0000025a285dc110, 4, 0;
    %pushi/vec4 1, 0, 32;
    %ix/load 4, 50, 0;
    %flag_set/imm 4, 0;
    %store/vec4a v0000025a285dc110, 4, 0;
    %pushi/vec4 17, 0, 32;
    %ix/load 4, 51, 0;
    %flag_set/imm 4, 0;
    %store/vec4a v0000025a285dc110, 4, 0;
    %pushi/vec4 4, 0, 32;
    %ix/load 4, 52, 0;
    %flag_set/imm 4, 0;
    %store/vec4a v0000025a285dc110, 4, 0;
    %pushi/vec4 12, 0, 32;
    %ix/load 4, 53, 0;
    %flag_set/imm 4, 0;
    %store/vec4a v0000025a285dc110, 4, 0;
    %pushi/vec4 4294967286, 0, 32;
    %ix/load 4, 15, 0;
    %flag_set/imm 4, 0;
    %store/vec4a v0000025a285dc570, 4, 0;
    %pushi/vec4 10, 0, 32;
    %ix/load 4, 16, 0;
    %flag_set/imm 4, 0;
    %store/vec4a v0000025a285dc570, 4, 0;
    %pushi/vec4 10, 0, 32;
    %ix/load 4, 17, 0;
    %flag_set/imm 4, 0;
    %store/vec4a v0000025a285dc570, 4, 0;
    %pushi/vec4 4294967286, 0, 32;
    %ix/load 4, 18, 0;
    %flag_set/imm 4, 0;
    %store/vec4a v0000025a285dc570, 4, 0;
    %pushi/vec4 0, 0, 1;
    %store/vec4 v0000025a285dbfd0_0, 0, 1;
    %pushi/vec4 1, 0, 1;
    %store/vec4 v0000025a285dbe90_0, 0, 1;
    %pushi/vec4 0, 0, 1;
    %store/vec4 v0000025a285dc390_0, 0, 1;
    %pushi/vec4 0, 0, 1;
    %store/vec4 v0000025a285dbf30_0, 0, 1;
    %pushi/vec4 0, 0, 8;
    %store/vec4 v0000025a285dc2f0_0, 0, 8;
    %pushi/vec4 0, 0, 32;
    %store/vec4 v0000025a285dba30_0, 0, 32;
    %delay 10000, 0;
    %pushi/vec4 0, 0, 1;
    %store/vec4 v0000025a285dbe90_0, 0, 1;
    %pushi/vec4 1, 0, 1;
    %store/vec4 v0000025a285dc390_0, 0, 1;
    %pushi/vec4 0, 0, 32;
    %store/vec4 v0000025a285dbc10_0, 0, 32;
T_2.0 ;
    %load/vec4 v0000025a285dbc10_0;
    %cmpi/s 4, 0, 32;
    %jmp/0xz T_2.1, 5;
    %wait E_0000025a2858c840;
    %load/vec4 v0000025a285dbc10_0;
    %pad/s 8;
    %assign/vec4 v0000025a285dc2f0_0, 0;
    %ix/getv/s 4, v0000025a285dbc10_0;
    %load/vec4a v0000025a285dde10, 4;
    %assign/vec4 v0000025a285dba30_0, 0;
    %load/vec4 v0000025a285dbc10_0;
    %addi 1, 0, 32;
    %store/vec4 v0000025a285dbc10_0, 0, 32;
    %jmp T_2.0;
T_2.1 ;
    %pushi/vec4 0, 0, 32;
    %store/vec4 v0000025a285dbc10_0, 0, 32;
T_2.2 ;
    %load/vec4 v0000025a285dbc10_0;
    %cmpi/s 54, 0, 32;
    %jmp/0xz T_2.3, 5;
    %wait E_0000025a2858c840;
    %load/vec4 v0000025a285dbc10_0;
    %addi 4, 0, 32;
    %pad/s 8;
    %assign/vec4 v0000025a285dc2f0_0, 0;
    %ix/getv/s 4, v0000025a285dbc10_0;
    %load/vec4a v0000025a285dc110, 4;
    %assign/vec4 v0000025a285dba30_0, 0;
    %load/vec4 v0000025a285dbc10_0;
    %addi 1, 0, 32;
    %store/vec4 v0000025a285dbc10_0, 0, 32;
    %jmp T_2.2;
T_2.3 ;
    %pushi/vec4 0, 0, 32;
    %store/vec4 v0000025a285dbc10_0, 0, 32;
T_2.4 ;
    %load/vec4 v0000025a285dbc10_0;
    %cmpi/s 19, 0, 32;
    %jmp/0xz T_2.5, 5;
    %wait E_0000025a2858c840;
    %load/vec4 v0000025a285dbc10_0;
    %addi 58, 0, 32;
    %pad/s 8;
    %assign/vec4 v0000025a285dc2f0_0, 0;
    %ix/getv/s 4, v0000025a285dbc10_0;
    %load/vec4a v0000025a285dc570, 4;
    %assign/vec4 v0000025a285dba30_0, 0;
    %load/vec4 v0000025a285dbc10_0;
    %addi 1, 0, 32;
    %store/vec4 v0000025a285dbc10_0, 0, 32;
    %jmp T_2.4;
T_2.5 ;
    %pushi/vec4 2, 0, 32;
T_2.6 %dup/vec4;
    %pushi/vec4 0, 0, 32;
    %cmp/s;
    %jmp/1xz T_2.7, 5;
    %jmp/1 T_2.7, 4;
    %pushi/vec4 1, 0, 32;
    %sub;
    %wait E_0000025a2858c840;
    %jmp T_2.6;
T_2.7 ;
    %pop/vec4 1;
    %pushi/vec4 0, 0, 1;
    %store/vec4 v0000025a285dc390_0, 0, 1;
    %vpi_call 2 184 "$display", "\012=== ISI REGISTER X ===" {0 0 0};
    %pushi/vec4 0, 0, 32;
    %store/vec4 v0000025a285dbc10_0, 0, 32;
T_2.8 ;
    %load/vec4 v0000025a285dbc10_0;
    %cmpi/s 4, 0, 32;
    %jmp/0xz T_2.9, 5;
    %vpi_call 2 186 "$display", "x[%0d] = %0d", v0000025a285dbc10_0, &A<v0000025a285dc1b0, v0000025a285dbc10_0 > {0 0 0};
    %load/vec4 v0000025a285dbc10_0;
    %addi 1, 0, 32;
    %store/vec4 v0000025a285dbc10_0, 0, 32;
    %jmp T_2.8;
T_2.9 ;
    %vpi_call 2 188 "$display", "\012=== ISI REGISTER W ===" {0 0 0};
    %pushi/vec4 0, 0, 32;
    %store/vec4 v0000025a285dbc10_0, 0, 32;
T_2.10 ;
    %load/vec4 v0000025a285dbc10_0;
    %cmpi/s 54, 0, 32;
    %jmp/0xz T_2.11, 5;
    %vpi_call 2 190 "$display", "w[%0d] = %0d", v0000025a285dbc10_0, &A<v0000025a285db990, v0000025a285dbc10_0 > {0 0 0};
    %load/vec4 v0000025a285dbc10_0;
    %addi 1, 0, 32;
    %store/vec4 v0000025a285dbc10_0, 0, 32;
    %jmp T_2.10;
T_2.11 ;
    %vpi_call 2 192 "$display", "\012=== ISI REGISTER B ===" {0 0 0};
    %pushi/vec4 0, 0, 32;
    %store/vec4 v0000025a285dbc10_0, 0, 32;
T_2.12 ;
    %load/vec4 v0000025a285dbc10_0;
    %cmpi/s 19, 0, 32;
    %jmp/0xz T_2.13, 5;
    %vpi_call 2 194 "$display", "b[%0d] = %0d", v0000025a285dbc10_0, &A<v0000025a285dc430, v0000025a285dbc10_0 > {0 0 0};
    %load/vec4 v0000025a285dbc10_0;
    %addi 1, 0, 32;
    %store/vec4 v0000025a285dbc10_0, 0, 32;
    %jmp T_2.12;
T_2.13 ;
    %vpi_call 2 196 "$display", "\012 nilai addr: %0d", v0000025a285dc2f0_0 {0 0 0};
    %vpi_call 2 198 "$display", "\012 nilai done_loading: %b", v0000025a285dbad0_0 {0 0 0};
    %vpi_call 2 200 "$display", "\012=== TEST SELESAI ===" {0 0 0};
    %pushi/vec4 78, 0, 32;
T_2.14 %dup/vec4;
    %pushi/vec4 0, 0, 32;
    %cmp/s;
    %jmp/1xz T_2.15, 5;
    %jmp/1 T_2.15, 4;
    %pushi/vec4 1, 0, 32;
    %sub;
    %wait E_0000025a2858c840;
    %jmp T_2.14;
T_2.15 ;
    %pop/vec4 1;
    %vpi_call 2 203 "$display", "neuron_key = %0d", v0000025a285db8f0_0 {0 0 0};
    %vpi_call 2 205 "$display", "X1 = %0d", v0000025a2859a960_0 {0 0 0};
    %vpi_call 2 206 "$display", "X2 = %0d", v0000025a285db260_0 {0 0 0};
    %vpi_call 2 207 "$display", "X3 = %0d", v0000025a285db300_0 {0 0 0};
    %vpi_call 2 208 "$display", "X4 = %0d", v0000025a285db3a0_0 {0 0 0};
    %vpi_call 2 210 "$display", "Y[0] = %0d", &A<v0000025a285db440, 0> {0 0 0};
    %vpi_call 2 211 "$display", "Y[1] = %0d", &A<v0000025a285db440, 1> {0 0 0};
    %vpi_call 2 212 "$display", "Y[2] = %0d", &A<v0000025a285db440, 2> {0 0 0};
    %vpi_call 2 213 "$display", "Y[3] = %0d", &A<v0000025a285db440, 3> {0 0 0};
    %vpi_call 2 214 "$display", "temp = %0d", v0000025a285db670_0 {0 0 0};
    %vpi_call 2 215 "$display", "STATE = %b", v0000025a284f2f00_0 {0 0 0};
    %vpi_call 2 219 "$stop" {0 0 0};
    %vpi_call 2 220 "$finish" {0 0 0};
    %end;
    .thread T_2;
# The file index is used to find the file name in the following table.
:file_names 4;
    "N/A";
    "<interactive>";
    "tb_gan_v3.v";
    "gan_v3.v";
