#! /c/Source/iverilog-install/bin/vvp
:ivl_version "12.0 (devel)" "(s20150603-1539-g2693dd32b)";
:ivl_delay_selection "TYPICAL";
:vpi_time_precision - 12;
:vpi_module "C:\iverilog\lib\ivl\system.vpi";
:vpi_module "C:\iverilog\lib\ivl\vhdl_sys.vpi";
:vpi_module "C:\iverilog\lib\ivl\vhdl_textio.vpi";
:vpi_module "C:\iverilog\lib\ivl\v2005_math.vpi";
:vpi_module "C:\iverilog\lib\ivl\va_math.vpi";
S_00000170ed172840 .scope module, "gan_tb" "gan_tb" 2 2;
 .timescale -9 -12;
P_00000170ed123000 .param/l "WIDTH" 0 2 4, +C4<00000000000000000000000000001000>;
P_00000170ed123038 .param/l "WIDTH_L8" 0 2 5, +C4<00000000000000000000000001001101>;
v00000170ed2294c0_0 .var/s "b1_1", 7 0;
v00000170ed2279e0_0 .var/s "b1_2", 7 0;
v00000170ed228840_0 .var/s "b1_3", 7 0;
v00000170ed228fc0_0 .var/s "b1_4", 7 0;
v00000170ed228700_0 .var/s "b2_1", 7 0;
v00000170ed2292e0_0 .var/s "b2_2", 7 0;
v00000170ed228660_0 .var/s "b3_1", 7 0;
v00000170ed227f80_0 .var/s "b4_1", 7 0;
v00000170ed229060_0 .var/s "b5_1", 7 0;
v00000170ed228ca0_0 .var/s "b6_1", 7 0;
v00000170ed2282a0_0 .var/s "b6_2", 7 0;
v00000170ed2291a0_0 .var/s "b7_1", 7 0;
v00000170ed2288e0_0 .var/s "b7_2", 7 0;
v00000170ed227c60_0 .var/s "b7_3", 7 0;
v00000170ed229740_0 .var/s "b7_4", 7 0;
v00000170ed227a80_0 .var/s "b8_1", 7 0;
v00000170ed227ee0_0 .var/s "b8_2", 7 0;
v00000170ed229600_0 .var/s "b8_3", 7 0;
v00000170ed229560_0 .var/s "b8_4", 7 0;
v00000170ed228520_0 .net/s "out1", 76 0, v00000170ed2244d0_0;  1 drivers
v00000170ed227d00_0 .net/s "out2", 76 0, v00000170ed225f20_0;  1 drivers
v00000170ed228340_0 .net/s "out3", 76 0, v00000170ed225a20_0;  1 drivers
v00000170ed227e40_0 .net/s "out4", 76 0, v00000170ed226ce0_0;  1 drivers
v00000170ed228d40_0 .var/s "w1_11", 7 0;
v00000170ed229240_0 .var/s "w1_12", 7 0;
v00000170ed2296a0_0 .var/s "w1_13", 7 0;
v00000170ed228980_0 .var/s "w1_14", 7 0;
v00000170ed2283e0_0 .var/s "w1_21", 7 0;
v00000170ed228de0_0 .var/s "w1_22", 7 0;
v00000170ed229380_0 .var/s "w1_23", 7 0;
v00000170ed227da0_0 .var/s "w1_24", 7 0;
v00000170ed2297e0_0 .var/s "w1_31", 7 0;
v00000170ed227b20_0 .var/s "w1_32", 7 0;
v00000170ed228020_0 .var/s "w1_33", 7 0;
v00000170ed2280c0_0 .var/s "w1_34", 7 0;
v00000170ed228160_0 .var/s "w1_41", 7 0;
v00000170ed228a20_0 .var/s "w1_42", 7 0;
v00000170ed228ac0_0 .var/s "w1_43", 7 0;
v00000170ed228c00_0 .var/s "w1_44", 7 0;
v00000170ed22c550_0 .var/s "w2_11", 7 0;
v00000170ed22c7d0_0 .var/s "w2_12", 7 0;
v00000170ed22c910_0 .var/s "w2_13", 7 0;
v00000170ed22c190_0 .var/s "w2_14", 7 0;
v00000170ed22d130_0 .var/s "w2_21", 7 0;
v00000170ed22ca50_0 .var/s "w2_22", 7 0;
v00000170ed22d6d0_0 .var/s "w2_23", 7 0;
v00000170ed22cff0_0 .var/s "w2_24", 7 0;
v00000170ed22c9b0_0 .var/s "w3_11", 7 0;
v00000170ed22d950_0 .var/s "w3_21", 7 0;
v00000170ed22d090_0 .var/s "w4_11", 7 0;
v00000170ed22c870_0 .var/s "w5_11", 7 0;
v00000170ed22bfb0_0 .var/s "w6_11", 7 0;
v00000170ed22caf0_0 .var/s "w6_12", 7 0;
v00000170ed22c0f0_0 .var/s "w7_11", 7 0;
v00000170ed22d1d0_0 .var/s "w7_12", 7 0;
v00000170ed22cb90_0 .var/s "w7_13", 7 0;
v00000170ed22ceb0_0 .var/s "w7_14", 7 0;
v00000170ed22c4b0_0 .var/s "w7_21", 7 0;
v00000170ed22bd30_0 .var/s "w7_22", 7 0;
v00000170ed22d3b0_0 .var/s "w7_23", 7 0;
v00000170ed22cc30_0 .var/s "w7_24", 7 0;
v00000170ed22c730_0 .var/s "w8_11", 7 0;
v00000170ed22d770_0 .var/s "w8_12", 7 0;
v00000170ed22c050_0 .var/s "w8_13", 7 0;
v00000170ed22cd70_0 .var/s "w8_14", 7 0;
v00000170ed22d810_0 .var/s "w8_21", 7 0;
v00000170ed22c5f0_0 .var/s "w8_22", 7 0;
v00000170ed22ccd0_0 .var/s "w8_23", 7 0;
v00000170ed22bc90_0 .var/s "w8_24", 7 0;
v00000170ed22d450_0 .var/s "w8_31", 7 0;
v00000170ed22d8b0_0 .var/s "w8_32", 7 0;
v00000170ed22bf10_0 .var/s "w8_33", 7 0;
v00000170ed22c230_0 .var/s "w8_34", 7 0;
v00000170ed22c690_0 .var/s "w8_41", 7 0;
v00000170ed22ce10_0 .var/s "w8_42", 7 0;
v00000170ed22cf50_0 .var/s "w8_43", 7 0;
v00000170ed22d270_0 .var/s "w8_44", 7 0;
v00000170ed22d310_0 .var/s "x_1", 7 0;
v00000170ed22d4f0_0 .var/s "x_2", 7 0;
v00000170ed22d590_0 .var/s "x_3", 7 0;
v00000170ed22d9f0_0 .var/s "x_4", 7 0;
S_00000170ed1ccf60 .scope module, "uut" "gan" 2 132, 3 1 0, S_00000170ed172840;
 .timescale 0 0;
    .port_info 0 /INPUT 8 "x_1";
    .port_info 1 /INPUT 8 "x_2";
    .port_info 2 /INPUT 8 "x_3";
    .port_info 3 /INPUT 8 "x_4";
    .port_info 4 /INPUT 8 "w1_11";
    .port_info 5 /INPUT 8 "w1_12";
    .port_info 6 /INPUT 8 "w1_13";
    .port_info 7 /INPUT 8 "w1_14";
    .port_info 8 /INPUT 8 "w1_21";
    .port_info 9 /INPUT 8 "w1_22";
    .port_info 10 /INPUT 8 "w1_23";
    .port_info 11 /INPUT 8 "w1_24";
    .port_info 12 /INPUT 8 "w1_31";
    .port_info 13 /INPUT 8 "w1_32";
    .port_info 14 /INPUT 8 "w1_33";
    .port_info 15 /INPUT 8 "w1_34";
    .port_info 16 /INPUT 8 "w1_41";
    .port_info 17 /INPUT 8 "w1_42";
    .port_info 18 /INPUT 8 "w1_43";
    .port_info 19 /INPUT 8 "w1_44";
    .port_info 20 /INPUT 8 "b1_1";
    .port_info 21 /INPUT 8 "b1_2";
    .port_info 22 /INPUT 8 "b1_3";
    .port_info 23 /INPUT 8 "b1_4";
    .port_info 24 /INPUT 8 "w2_11";
    .port_info 25 /INPUT 8 "w2_12";
    .port_info 26 /INPUT 8 "w2_13";
    .port_info 27 /INPUT 8 "w2_14";
    .port_info 28 /INPUT 8 "w2_21";
    .port_info 29 /INPUT 8 "w2_22";
    .port_info 30 /INPUT 8 "w2_23";
    .port_info 31 /INPUT 8 "w2_24";
    .port_info 32 /INPUT 8 "b2_1";
    .port_info 33 /INPUT 8 "b2_2";
    .port_info 34 /INPUT 8 "w3_11";
    .port_info 35 /INPUT 8 "w3_21";
    .port_info 36 /INPUT 8 "b3_1";
    .port_info 37 /INPUT 8 "w4_11";
    .port_info 38 /INPUT 8 "b4_1";
    .port_info 39 /INPUT 8 "w5_11";
    .port_info 40 /INPUT 8 "b5_1";
    .port_info 41 /INPUT 8 "w6_11";
    .port_info 42 /INPUT 8 "w6_12";
    .port_info 43 /INPUT 8 "b6_1";
    .port_info 44 /INPUT 8 "b6_2";
    .port_info 45 /INPUT 8 "w7_11";
    .port_info 46 /INPUT 8 "w7_12";
    .port_info 47 /INPUT 8 "w7_13";
    .port_info 48 /INPUT 8 "w7_14";
    .port_info 49 /INPUT 8 "w7_21";
    .port_info 50 /INPUT 8 "w7_22";
    .port_info 51 /INPUT 8 "w7_23";
    .port_info 52 /INPUT 8 "w7_24";
    .port_info 53 /INPUT 8 "b7_1";
    .port_info 54 /INPUT 8 "b7_2";
    .port_info 55 /INPUT 8 "b7_3";
    .port_info 56 /INPUT 8 "b7_4";
    .port_info 57 /INPUT 8 "w8_11";
    .port_info 58 /INPUT 8 "w8_12";
    .port_info 59 /INPUT 8 "w8_13";
    .port_info 60 /INPUT 8 "w8_14";
    .port_info 61 /INPUT 8 "w8_21";
    .port_info 62 /INPUT 8 "w8_22";
    .port_info 63 /INPUT 8 "w8_23";
    .port_info 64 /INPUT 8 "w8_24";
    .port_info 65 /INPUT 8 "w8_31";
    .port_info 66 /INPUT 8 "w8_32";
    .port_info 67 /INPUT 8 "w8_33";
    .port_info 68 /INPUT 8 "w8_34";
    .port_info 69 /INPUT 8 "w8_41";
    .port_info 70 /INPUT 8 "w8_42";
    .port_info 71 /INPUT 8 "w8_43";
    .port_info 72 /INPUT 8 "w8_44";
    .port_info 73 /INPUT 8 "b8_1";
    .port_info 74 /INPUT 8 "b8_2";
    .port_info 75 /INPUT 8 "b8_3";
    .port_info 76 /INPUT 8 "b8_4";
    .port_info 77 /OUTPUT 77 "out1";
    .port_info 78 /OUTPUT 77 "out2";
    .port_info 79 /OUTPUT 77 "out3";
    .port_info 80 /OUTPUT 77 "out4";
P_00000170ed18a0c0 .param/l "WIDTH" 0 3 3, +C4<00000000000000000000000000001000>;
P_00000170ed18a0f8 .param/l "WIDTH_L1" 0 3 3, +C4<00000000000000000000000000010010>;
P_00000170ed18a130 .param/l "WIDTH_L2" 0 3 4, +C4<00000000000000000000000000011100>;
P_00000170ed18a168 .param/l "WIDTH_L3" 0 3 5, +C4<00000000000000000000000000100101>;
P_00000170ed18a1a0 .param/l "WIDTH_L4" 0 3 6, +C4<00000000000000000000000000101101>;
P_00000170ed18a1d8 .param/l "WIDTH_L5" 0 3 7, +C4<00000000000000000000000000110101>;
P_00000170ed18a210 .param/l "WIDTH_L6" 0 3 8, +C4<00000000000000000000000000111101>;
P_00000170ed18a248 .param/l "WIDTH_L7" 0 3 9, +C4<00000000000000000000000001000101>;
P_00000170ed18a280 .param/l "WIDTH_L8" 0 3 10, +C4<00000000000000000000000001001101>;
v00000170ed122d20_0 .net/s "b1_1", 7 0, v00000170ed2294c0_0;  1 drivers
v00000170ed122e90_0 .net/s "b1_2", 7 0, v00000170ed2279e0_0;  1 drivers
v00000170ed154770_0 .net/s "b1_3", 7 0, v00000170ed228840_0;  1 drivers
v00000170ed154420_0 .net/s "b1_4", 7 0, v00000170ed228fc0_0;  1 drivers
v00000170ed10bf00_0 .net/s "b2_1", 7 0, v00000170ed228700_0;  1 drivers
v00000170ed1729d0_0 .net/s "b2_2", 7 0, v00000170ed2292e0_0;  1 drivers
v00000170ed1c84e0_0 .net/s "b3_1", 7 0, v00000170ed228660_0;  1 drivers
v00000170ed1c56b0_0 .net/s "b4_1", 7 0, v00000170ed227f80_0;  1 drivers
v00000170ed1cd0f0_0 .net/s "b5_1", 7 0, v00000170ed229060_0;  1 drivers
v00000170ed1cd190_0 .net/s "b6_1", 7 0, v00000170ed228ca0_0;  1 drivers
v00000170ed122a00_0 .net/s "b6_2", 7 0, v00000170ed2282a0_0;  1 drivers
v00000170ed122aa0_0 .net/s "b7_1", 7 0, v00000170ed2291a0_0;  1 drivers
v00000170ed122b40_0 .net/s "b7_2", 7 0, v00000170ed2288e0_0;  1 drivers
v00000170ed20edb0_0 .net/s "b7_3", 7 0, v00000170ed227c60_0;  1 drivers
v00000170ed224e30_0 .net/s "b7_4", 7 0, v00000170ed229740_0;  1 drivers
v00000170ed224b10_0 .net/s "b8_1", 7 0, v00000170ed227a80_0;  1 drivers
v00000170ed2247f0_0 .net/s "b8_2", 7 0, v00000170ed227ee0_0;  1 drivers
v00000170ed224f70_0 .net/s "b8_3", 7 0, v00000170ed229600_0;  1 drivers
v00000170ed224bb0_0 .net/s "b8_4", 7 0, v00000170ed229560_0;  1 drivers
v00000170ed224750_0 .var/s "l1_1", 17 0;
v00000170ed2242f0_0 .var/s "l1_2", 17 0;
v00000170ed224890_0 .var/s "l1_3", 17 0;
v00000170ed224390_0 .var/s "l1_4", 17 0;
v00000170ed224c50_0 .var/s "l2_1", 27 0;
v00000170ed224930_0 .var/s "l2_2", 27 0;
v00000170ed224a70_0 .var/s "l3_1", 36 0;
v00000170ed224570_0 .var/s "l4_1", 44 0;
v00000170ed2241b0_0 .var/s "l5_1", 52 0;
v00000170ed224cf0_0 .var/s "l6_1", 60 0;
v00000170ed2249d0_0 .var/s "l6_2", 60 0;
v00000170ed2246b0_0 .var/s "l7_1", 68 0;
v00000170ed224ed0_0 .var/s "l7_2", 68 0;
v00000170ed224430_0 .var/s "l7_3", 68 0;
v00000170ed224d90_0 .var/s "l7_4", 68 0;
v00000170ed225010_0 .var/s "l8_1", 76 0;
v00000170ed224610_0 .var/s "l8_2", 76 0;
v00000170ed224110_0 .var/s "l8_3", 76 0;
v00000170ed224250_0 .var/s "l8_4", 76 0;
v00000170ed2244d0_0 .var/s "out1", 76 0;
v00000170ed225f20_0 .var/s "out2", 76 0;
v00000170ed225a20_0 .var/s "out3", 76 0;
v00000170ed226ce0_0 .var/s "out4", 76 0;
v00000170ed225660_0 .net/s "w1_11", 7 0, v00000170ed228d40_0;  1 drivers
v00000170ed226ec0_0 .net/s "w1_12", 7 0, v00000170ed229240_0;  1 drivers
v00000170ed2258e0_0 .net/s "w1_13", 7 0, v00000170ed2296a0_0;  1 drivers
v00000170ed226740_0 .net/s "w1_14", 7 0, v00000170ed228980_0;  1 drivers
v00000170ed2273c0_0 .net/s "w1_21", 7 0, v00000170ed2283e0_0;  1 drivers
v00000170ed225fc0_0 .net/s "w1_22", 7 0, v00000170ed228de0_0;  1 drivers
v00000170ed226f60_0 .net/s "w1_23", 7 0, v00000170ed229380_0;  1 drivers
v00000170ed226100_0 .net/s "w1_24", 7 0, v00000170ed227da0_0;  1 drivers
v00000170ed2271e0_0 .net/s "w1_31", 7 0, v00000170ed2297e0_0;  1 drivers
v00000170ed225ca0_0 .net/s "w1_32", 7 0, v00000170ed227b20_0;  1 drivers
v00000170ed225d40_0 .net/s "w1_33", 7 0, v00000170ed228020_0;  1 drivers
v00000170ed2264c0_0 .net/s "w1_34", 7 0, v00000170ed2280c0_0;  1 drivers
v00000170ed225de0_0 .net/s "w1_41", 7 0, v00000170ed228160_0;  1 drivers
v00000170ed225980_0 .net/s "w1_42", 7 0, v00000170ed228a20_0;  1 drivers
v00000170ed226060_0 .net/s "w1_43", 7 0, v00000170ed228ac0_0;  1 drivers
v00000170ed226560_0 .net/s "w1_44", 7 0, v00000170ed228c00_0;  1 drivers
v00000170ed2269c0_0 .net/s "w2_11", 7 0, v00000170ed22c550_0;  1 drivers
v00000170ed2266a0_0 .net/s "w2_12", 7 0, v00000170ed22c7d0_0;  1 drivers
v00000170ed227140_0 .net/s "w2_13", 7 0, v00000170ed22c910_0;  1 drivers
v00000170ed225e80_0 .net/s "w2_14", 7 0, v00000170ed22c190_0;  1 drivers
v00000170ed2261a0_0 .net/s "w2_21", 7 0, v00000170ed22d130_0;  1 drivers
v00000170ed226600_0 .net/s "w2_22", 7 0, v00000170ed22ca50_0;  1 drivers
v00000170ed2257a0_0 .net/s "w2_23", 7 0, v00000170ed22d6d0_0;  1 drivers
v00000170ed226a60_0 .net/s "w2_24", 7 0, v00000170ed22cff0_0;  1 drivers
v00000170ed226240_0 .net/s "w3_11", 7 0, v00000170ed22c9b0_0;  1 drivers
v00000170ed2267e0_0 .net/s "w3_21", 7 0, v00000170ed22d950_0;  1 drivers
v00000170ed226d80_0 .net/s "w4_11", 7 0, v00000170ed22d090_0;  1 drivers
v00000170ed2262e0_0 .net/s "w5_11", 7 0, v00000170ed22c870_0;  1 drivers
v00000170ed225520_0 .net/s "w6_11", 7 0, v00000170ed22bfb0_0;  1 drivers
v00000170ed226380_0 .net/s "w6_12", 7 0, v00000170ed22caf0_0;  1 drivers
v00000170ed2255c0_0 .net/s "w7_11", 7 0, v00000170ed22c0f0_0;  1 drivers
v00000170ed225ac0_0 .net/s "w7_12", 7 0, v00000170ed22d1d0_0;  1 drivers
v00000170ed226880_0 .net/s "w7_13", 7 0, v00000170ed22cb90_0;  1 drivers
v00000170ed226920_0 .net/s "w7_14", 7 0, v00000170ed22ceb0_0;  1 drivers
v00000170ed226420_0 .net/s "w7_21", 7 0, v00000170ed22c4b0_0;  1 drivers
v00000170ed225700_0 .net/s "w7_22", 7 0, v00000170ed22bd30_0;  1 drivers
v00000170ed225b60_0 .net/s "w7_23", 7 0, v00000170ed22d3b0_0;  1 drivers
v00000170ed227000_0 .net/s "w7_24", 7 0, v00000170ed22cc30_0;  1 drivers
v00000170ed226b00_0 .net/s "w8_11", 7 0, v00000170ed22c730_0;  1 drivers
v00000170ed226ba0_0 .net/s "w8_12", 7 0, v00000170ed22d770_0;  1 drivers
v00000170ed226c40_0 .net/s "w8_13", 7 0, v00000170ed22c050_0;  1 drivers
v00000170ed2270a0_0 .net/s "w8_14", 7 0, v00000170ed22cd70_0;  1 drivers
v00000170ed226e20_0 .net/s "w8_21", 7 0, v00000170ed22d810_0;  1 drivers
v00000170ed227280_0 .net/s "w8_22", 7 0, v00000170ed22c5f0_0;  1 drivers
v00000170ed227320_0 .net/s "w8_23", 7 0, v00000170ed22ccd0_0;  1 drivers
v00000170ed225840_0 .net/s "w8_24", 7 0, v00000170ed22bc90_0;  1 drivers
v00000170ed225c00_0 .net/s "w8_31", 7 0, v00000170ed22d450_0;  1 drivers
v00000170ed229420_0 .net/s "w8_32", 7 0, v00000170ed22d8b0_0;  1 drivers
v00000170ed228480_0 .net/s "w8_33", 7 0, v00000170ed22bf10_0;  1 drivers
v00000170ed228f20_0 .net/s "w8_34", 7 0, v00000170ed22c230_0;  1 drivers
v00000170ed227bc0_0 .net/s "w8_41", 7 0, v00000170ed22c690_0;  1 drivers
v00000170ed228e80_0 .net/s "w8_42", 7 0, v00000170ed22ce10_0;  1 drivers
v00000170ed2285c0_0 .net/s "w8_43", 7 0, v00000170ed22cf50_0;  1 drivers
v00000170ed228b60_0 .net/s "w8_44", 7 0, v00000170ed22d270_0;  1 drivers
v00000170ed229100_0 .net/s "x_1", 7 0, v00000170ed22d310_0;  1 drivers
v00000170ed228200_0 .net/s "x_2", 7 0, v00000170ed22d4f0_0;  1 drivers
v00000170ed227940_0 .net/s "x_3", 7 0, v00000170ed22d590_0;  1 drivers
v00000170ed2287a0_0 .net/s "x_4", 7 0, v00000170ed22d9f0_0;  1 drivers
E_00000170ed1b9130/0 .event anyedge, v00000170ed229100_0, v00000170ed225660_0, v00000170ed228200_0, v00000170ed226ec0_0;
E_00000170ed1b9130/1 .event anyedge, v00000170ed227940_0, v00000170ed2258e0_0, v00000170ed2287a0_0, v00000170ed226740_0;
E_00000170ed1b9130/2 .event anyedge, v00000170ed122d20_0, v00000170ed2273c0_0, v00000170ed225fc0_0, v00000170ed226f60_0;
E_00000170ed1b9130/3 .event anyedge, v00000170ed226100_0, v00000170ed122e90_0, v00000170ed2271e0_0, v00000170ed225ca0_0;
E_00000170ed1b9130/4 .event anyedge, v00000170ed225d40_0, v00000170ed2264c0_0, v00000170ed154770_0, v00000170ed225de0_0;
E_00000170ed1b9130/5 .event anyedge, v00000170ed225980_0, v00000170ed226060_0, v00000170ed226560_0, v00000170ed154420_0;
E_00000170ed1b9130/6 .event anyedge, v00000170ed224750_0, v00000170ed2242f0_0, v00000170ed224890_0, v00000170ed224390_0;
E_00000170ed1b9130/7 .event anyedge, v00000170ed2269c0_0, v00000170ed2266a0_0, v00000170ed227140_0, v00000170ed225e80_0;
E_00000170ed1b9130/8 .event anyedge, v00000170ed10bf00_0, v00000170ed2261a0_0, v00000170ed226600_0, v00000170ed2257a0_0;
E_00000170ed1b9130/9 .event anyedge, v00000170ed226a60_0, v00000170ed1729d0_0, v00000170ed224c50_0, v00000170ed224930_0;
E_00000170ed1b9130/10 .event anyedge, v00000170ed226240_0, v00000170ed2267e0_0, v00000170ed1c84e0_0, v00000170ed224a70_0;
E_00000170ed1b9130/11 .event anyedge, v00000170ed226d80_0, v00000170ed1c56b0_0, v00000170ed224570_0, v00000170ed2262e0_0;
E_00000170ed1b9130/12 .event anyedge, v00000170ed1cd0f0_0, v00000170ed2241b0_0, v00000170ed225520_0, v00000170ed1cd190_0;
E_00000170ed1b9130/13 .event anyedge, v00000170ed226380_0, v00000170ed122a00_0, v00000170ed224cf0_0, v00000170ed2249d0_0;
E_00000170ed1b9130/14 .event anyedge, v00000170ed2255c0_0, v00000170ed226420_0, v00000170ed122aa0_0, v00000170ed225ac0_0;
E_00000170ed1b9130/15 .event anyedge, v00000170ed225700_0, v00000170ed122b40_0, v00000170ed226880_0, v00000170ed225b60_0;
E_00000170ed1b9130/16 .event anyedge, v00000170ed20edb0_0, v00000170ed226920_0, v00000170ed227000_0, v00000170ed224e30_0;
E_00000170ed1b9130/17 .event anyedge, v00000170ed2246b0_0, v00000170ed224ed0_0, v00000170ed224430_0, v00000170ed224d90_0;
E_00000170ed1b9130/18 .event anyedge, v00000170ed226b00_0, v00000170ed226e20_0, v00000170ed225c00_0, v00000170ed227bc0_0;
E_00000170ed1b9130/19 .event anyedge, v00000170ed224b10_0, v00000170ed226ba0_0, v00000170ed227280_0, v00000170ed229420_0;
E_00000170ed1b9130/20 .event anyedge, v00000170ed228e80_0, v00000170ed2247f0_0, v00000170ed226c40_0, v00000170ed227320_0;
E_00000170ed1b9130/21 .event anyedge, v00000170ed228480_0, v00000170ed2285c0_0, v00000170ed224f70_0, v00000170ed2270a0_0;
E_00000170ed1b9130/22 .event anyedge, v00000170ed225840_0, v00000170ed228f20_0, v00000170ed228b60_0, v00000170ed224bb0_0;
E_00000170ed1b9130/23 .event anyedge, v00000170ed225010_0, v00000170ed224610_0, v00000170ed224110_0, v00000170ed224250_0;
E_00000170ed1b9130 .event/or E_00000170ed1b9130/0, E_00000170ed1b9130/1, E_00000170ed1b9130/2, E_00000170ed1b9130/3, E_00000170ed1b9130/4, E_00000170ed1b9130/5, E_00000170ed1b9130/6, E_00000170ed1b9130/7, E_00000170ed1b9130/8, E_00000170ed1b9130/9, E_00000170ed1b9130/10, E_00000170ed1b9130/11, E_00000170ed1b9130/12, E_00000170ed1b9130/13, E_00000170ed1b9130/14, E_00000170ed1b9130/15, E_00000170ed1b9130/16, E_00000170ed1b9130/17, E_00000170ed1b9130/18, E_00000170ed1b9130/19, E_00000170ed1b9130/20, E_00000170ed1b9130/21, E_00000170ed1b9130/22, E_00000170ed1b9130/23;
    .scope S_00000170ed1ccf60;
T_0 ;
    %wait E_00000170ed1b9130;
    %load/vec4 v00000170ed229100_0;
    %pad/s 18;
    %load/vec4 v00000170ed225660_0;
    %pad/s 18;
    %mul;
    %load/vec4 v00000170ed228200_0;
    %pad/s 18;
    %load/vec4 v00000170ed226ec0_0;
    %pad/s 18;
    %mul;
    %add;
    %load/vec4 v00000170ed227940_0;
    %pad/s 18;
    %load/vec4 v00000170ed2258e0_0;
    %pad/s 18;
    %mul;
    %add;
    %load/vec4 v00000170ed2287a0_0;
    %pad/s 18;
    %load/vec4 v00000170ed226740_0;
    %pad/s 18;
    %mul;
    %add;
    %load/vec4 v00000170ed122d20_0;
    %pad/s 18;
    %add;
    %store/vec4 v00000170ed224750_0, 0, 18;
    %load/vec4 v00000170ed229100_0;
    %pad/s 18;
    %load/vec4 v00000170ed2273c0_0;
    %pad/s 18;
    %mul;
    %load/vec4 v00000170ed228200_0;
    %pad/s 18;
    %load/vec4 v00000170ed225fc0_0;
    %pad/s 18;
    %mul;
    %add;
    %load/vec4 v00000170ed227940_0;
    %pad/s 18;
    %load/vec4 v00000170ed226f60_0;
    %pad/s 18;
    %mul;
    %add;
    %load/vec4 v00000170ed2287a0_0;
    %pad/s 18;
    %load/vec4 v00000170ed226100_0;
    %pad/s 18;
    %mul;
    %add;
    %load/vec4 v00000170ed122e90_0;
    %pad/s 18;
    %add;
    %store/vec4 v00000170ed2242f0_0, 0, 18;
    %load/vec4 v00000170ed229100_0;
    %pad/s 18;
    %load/vec4 v00000170ed2271e0_0;
    %pad/s 18;
    %mul;
    %load/vec4 v00000170ed228200_0;
    %pad/s 18;
    %load/vec4 v00000170ed225ca0_0;
    %pad/s 18;
    %mul;
    %add;
    %load/vec4 v00000170ed227940_0;
    %pad/s 18;
    %load/vec4 v00000170ed225d40_0;
    %pad/s 18;
    %mul;
    %add;
    %load/vec4 v00000170ed2287a0_0;
    %pad/s 18;
    %load/vec4 v00000170ed2264c0_0;
    %pad/s 18;
    %mul;
    %add;
    %load/vec4 v00000170ed154770_0;
    %pad/s 18;
    %add;
    %store/vec4 v00000170ed224890_0, 0, 18;
    %load/vec4 v00000170ed229100_0;
    %pad/s 18;
    %load/vec4 v00000170ed225de0_0;
    %pad/s 18;
    %mul;
    %load/vec4 v00000170ed228200_0;
    %pad/s 18;
    %load/vec4 v00000170ed225980_0;
    %pad/s 18;
    %mul;
    %add;
    %load/vec4 v00000170ed227940_0;
    %pad/s 18;
    %load/vec4 v00000170ed226060_0;
    %pad/s 18;
    %mul;
    %add;
    %load/vec4 v00000170ed2287a0_0;
    %pad/s 18;
    %load/vec4 v00000170ed226560_0;
    %pad/s 18;
    %mul;
    %add;
    %load/vec4 v00000170ed154420_0;
    %pad/s 18;
    %add;
    %store/vec4 v00000170ed224390_0, 0, 18;
    %load/vec4 v00000170ed224750_0;
    %pad/s 32;
    %cmpi/s 0, 0, 32;
    %jmp/0xz  T_0.0, 5;
    %pushi/vec4 0, 0, 18;
    %store/vec4 v00000170ed224750_0, 0, 18;
T_0.0 ;
    %load/vec4 v00000170ed2242f0_0;
    %pad/s 32;
    %cmpi/s 0, 0, 32;
    %jmp/0xz  T_0.2, 5;
    %pushi/vec4 0, 0, 18;
    %store/vec4 v00000170ed2242f0_0, 0, 18;
T_0.2 ;
    %load/vec4 v00000170ed224890_0;
    %pad/s 32;
    %cmpi/s 0, 0, 32;
    %jmp/0xz  T_0.4, 5;
    %pushi/vec4 0, 0, 18;
    %store/vec4 v00000170ed224890_0, 0, 18;
T_0.4 ;
    %load/vec4 v00000170ed224390_0;
    %pad/s 32;
    %cmpi/s 0, 0, 32;
    %jmp/0xz  T_0.6, 5;
    %pushi/vec4 0, 0, 18;
    %store/vec4 v00000170ed224390_0, 0, 18;
T_0.6 ;
    %load/vec4 v00000170ed224750_0;
    %pad/s 28;
    %load/vec4 v00000170ed2269c0_0;
    %pad/s 28;
    %mul;
    %load/vec4 v00000170ed2242f0_0;
    %pad/s 28;
    %load/vec4 v00000170ed2266a0_0;
    %pad/s 28;
    %mul;
    %add;
    %load/vec4 v00000170ed224890_0;
    %pad/s 28;
    %load/vec4 v00000170ed227140_0;
    %pad/s 28;
    %mul;
    %add;
    %load/vec4 v00000170ed224390_0;
    %pad/s 28;
    %load/vec4 v00000170ed225e80_0;
    %pad/s 28;
    %mul;
    %add;
    %load/vec4 v00000170ed10bf00_0;
    %pad/s 28;
    %add;
    %store/vec4 v00000170ed224c50_0, 0, 28;
    %load/vec4 v00000170ed224750_0;
    %pad/s 28;
    %load/vec4 v00000170ed2261a0_0;
    %pad/s 28;
    %mul;
    %load/vec4 v00000170ed2242f0_0;
    %pad/s 28;
    %load/vec4 v00000170ed226600_0;
    %pad/s 28;
    %mul;
    %add;
    %load/vec4 v00000170ed224890_0;
    %pad/s 28;
    %load/vec4 v00000170ed2257a0_0;
    %pad/s 28;
    %mul;
    %add;
    %load/vec4 v00000170ed224390_0;
    %pad/s 28;
    %load/vec4 v00000170ed226a60_0;
    %pad/s 28;
    %mul;
    %add;
    %load/vec4 v00000170ed1729d0_0;
    %pad/s 28;
    %add;
    %store/vec4 v00000170ed224930_0, 0, 28;
    %load/vec4 v00000170ed224c50_0;
    %pad/s 32;
    %cmpi/s 0, 0, 32;
    %jmp/0xz  T_0.8, 5;
    %pushi/vec4 0, 0, 28;
    %store/vec4 v00000170ed224c50_0, 0, 28;
T_0.8 ;
    %load/vec4 v00000170ed224930_0;
    %pad/s 32;
    %cmpi/s 0, 0, 32;
    %jmp/0xz  T_0.10, 5;
    %pushi/vec4 0, 0, 28;
    %store/vec4 v00000170ed224930_0, 0, 28;
T_0.10 ;
    %load/vec4 v00000170ed224c50_0;
    %pad/s 37;
    %load/vec4 v00000170ed226240_0;
    %pad/s 37;
    %mul;
    %load/vec4 v00000170ed224930_0;
    %pad/s 37;
    %load/vec4 v00000170ed2267e0_0;
    %pad/s 37;
    %mul;
    %add;
    %load/vec4 v00000170ed1c84e0_0;
    %pad/s 37;
    %add;
    %store/vec4 v00000170ed224a70_0, 0, 37;
    %load/vec4 v00000170ed224a70_0;
    %cmpi/s 0, 0, 37;
    %jmp/0xz  T_0.12, 5;
    %pushi/vec4 0, 0, 37;
    %store/vec4 v00000170ed224a70_0, 0, 37;
T_0.12 ;
    %load/vec4 v00000170ed224a70_0;
    %pad/s 45;
    %load/vec4 v00000170ed226d80_0;
    %pad/s 45;
    %mul;
    %load/vec4 v00000170ed1c56b0_0;
    %pad/s 45;
    %add;
    %store/vec4 v00000170ed224570_0, 0, 45;
    %load/vec4 v00000170ed224570_0;
    %cmpi/s 0, 0, 45;
    %jmp/0xz  T_0.14, 5;
    %pushi/vec4 0, 0, 45;
    %store/vec4 v00000170ed224570_0, 0, 45;
T_0.14 ;
    %load/vec4 v00000170ed224570_0;
    %pad/s 53;
    %load/vec4 v00000170ed2262e0_0;
    %pad/s 53;
    %mul;
    %load/vec4 v00000170ed1cd0f0_0;
    %pad/s 53;
    %add;
    %store/vec4 v00000170ed2241b0_0, 0, 53;
    %load/vec4 v00000170ed2241b0_0;
    %cmpi/s 0, 0, 53;
    %jmp/0xz  T_0.16, 5;
    %pushi/vec4 0, 0, 53;
    %store/vec4 v00000170ed2241b0_0, 0, 53;
T_0.16 ;
    %load/vec4 v00000170ed2241b0_0;
    %pad/s 61;
    %load/vec4 v00000170ed225520_0;
    %pad/s 61;
    %mul;
    %load/vec4 v00000170ed1cd190_0;
    %pad/s 61;
    %add;
    %store/vec4 v00000170ed224cf0_0, 0, 61;
    %load/vec4 v00000170ed2241b0_0;
    %pad/s 61;
    %load/vec4 v00000170ed226380_0;
    %pad/s 61;
    %mul;
    %load/vec4 v00000170ed122a00_0;
    %pad/s 61;
    %add;
    %store/vec4 v00000170ed2249d0_0, 0, 61;
    %load/vec4 v00000170ed224cf0_0;
    %cmpi/s 0, 0, 61;
    %jmp/0xz  T_0.18, 5;
    %pushi/vec4 0, 0, 61;
    %store/vec4 v00000170ed224cf0_0, 0, 61;
T_0.18 ;
    %load/vec4 v00000170ed2249d0_0;
    %cmpi/s 0, 0, 61;
    %jmp/0xz  T_0.20, 5;
    %pushi/vec4 0, 0, 61;
    %store/vec4 v00000170ed2249d0_0, 0, 61;
T_0.20 ;
    %load/vec4 v00000170ed224cf0_0;
    %pad/s 69;
    %load/vec4 v00000170ed2255c0_0;
    %pad/s 69;
    %mul;
    %load/vec4 v00000170ed2249d0_0;
    %pad/s 69;
    %load/vec4 v00000170ed226420_0;
    %pad/s 69;
    %mul;
    %add;
    %load/vec4 v00000170ed122aa0_0;
    %pad/s 69;
    %add;
    %store/vec4 v00000170ed2246b0_0, 0, 69;
    %load/vec4 v00000170ed224cf0_0;
    %pad/s 69;
    %load/vec4 v00000170ed225ac0_0;
    %pad/s 69;
    %mul;
    %load/vec4 v00000170ed2249d0_0;
    %pad/s 69;
    %load/vec4 v00000170ed225700_0;
    %pad/s 69;
    %mul;
    %add;
    %load/vec4 v00000170ed122b40_0;
    %pad/s 69;
    %add;
    %store/vec4 v00000170ed224ed0_0, 0, 69;
    %load/vec4 v00000170ed224cf0_0;
    %pad/s 69;
    %load/vec4 v00000170ed226880_0;
    %pad/s 69;
    %mul;
    %load/vec4 v00000170ed2249d0_0;
    %pad/s 69;
    %load/vec4 v00000170ed225b60_0;
    %pad/s 69;
    %mul;
    %add;
    %load/vec4 v00000170ed20edb0_0;
    %pad/s 69;
    %add;
    %store/vec4 v00000170ed224430_0, 0, 69;
    %load/vec4 v00000170ed224cf0_0;
    %pad/s 69;
    %load/vec4 v00000170ed226920_0;
    %pad/s 69;
    %mul;
    %load/vec4 v00000170ed2249d0_0;
    %pad/s 69;
    %load/vec4 v00000170ed227000_0;
    %pad/s 69;
    %mul;
    %add;
    %load/vec4 v00000170ed224e30_0;
    %pad/s 69;
    %add;
    %store/vec4 v00000170ed224d90_0, 0, 69;
    %load/vec4 v00000170ed2246b0_0;
    %cmpi/s 0, 0, 69;
    %jmp/0xz  T_0.22, 5;
    %pushi/vec4 0, 0, 69;
    %store/vec4 v00000170ed2246b0_0, 0, 69;
T_0.22 ;
    %load/vec4 v00000170ed224ed0_0;
    %cmpi/s 0, 0, 69;
    %jmp/0xz  T_0.24, 5;
    %pushi/vec4 0, 0, 69;
    %store/vec4 v00000170ed224ed0_0, 0, 69;
T_0.24 ;
    %load/vec4 v00000170ed224430_0;
    %cmpi/s 0, 0, 69;
    %jmp/0xz  T_0.26, 5;
    %pushi/vec4 0, 0, 69;
    %store/vec4 v00000170ed224430_0, 0, 69;
T_0.26 ;
    %load/vec4 v00000170ed224d90_0;
    %cmpi/s 0, 0, 69;
    %jmp/0xz  T_0.28, 5;
    %pushi/vec4 0, 0, 69;
    %store/vec4 v00000170ed224d90_0, 0, 69;
T_0.28 ;
    %load/vec4 v00000170ed2246b0_0;
    %pad/s 77;
    %load/vec4 v00000170ed226b00_0;
    %pad/s 77;
    %mul;
    %load/vec4 v00000170ed224ed0_0;
    %pad/s 77;
    %load/vec4 v00000170ed226e20_0;
    %pad/s 77;
    %mul;
    %add;
    %load/vec4 v00000170ed224430_0;
    %pad/s 77;
    %load/vec4 v00000170ed225c00_0;
    %pad/s 77;
    %mul;
    %add;
    %load/vec4 v00000170ed224d90_0;
    %pad/s 77;
    %load/vec4 v00000170ed227bc0_0;
    %pad/s 77;
    %mul;
    %add;
    %load/vec4 v00000170ed224b10_0;
    %pad/s 77;
    %add;
    %store/vec4 v00000170ed225010_0, 0, 77;
    %load/vec4 v00000170ed2246b0_0;
    %pad/s 77;
    %load/vec4 v00000170ed226ba0_0;
    %pad/s 77;
    %mul;
    %load/vec4 v00000170ed224ed0_0;
    %pad/s 77;
    %load/vec4 v00000170ed227280_0;
    %pad/s 77;
    %mul;
    %add;
    %load/vec4 v00000170ed224430_0;
    %pad/s 77;
    %load/vec4 v00000170ed229420_0;
    %pad/s 77;
    %mul;
    %add;
    %load/vec4 v00000170ed224d90_0;
    %pad/s 77;
    %load/vec4 v00000170ed228e80_0;
    %pad/s 77;
    %mul;
    %add;
    %load/vec4 v00000170ed2247f0_0;
    %pad/s 77;
    %add;
    %store/vec4 v00000170ed224610_0, 0, 77;
    %load/vec4 v00000170ed2246b0_0;
    %pad/s 77;
    %load/vec4 v00000170ed226c40_0;
    %pad/s 77;
    %mul;
    %load/vec4 v00000170ed224ed0_0;
    %pad/s 77;
    %load/vec4 v00000170ed227320_0;
    %pad/s 77;
    %mul;
    %add;
    %load/vec4 v00000170ed224430_0;
    %pad/s 77;
    %load/vec4 v00000170ed228480_0;
    %pad/s 77;
    %mul;
    %add;
    %load/vec4 v00000170ed224d90_0;
    %pad/s 77;
    %load/vec4 v00000170ed2285c0_0;
    %pad/s 77;
    %mul;
    %add;
    %load/vec4 v00000170ed224f70_0;
    %pad/s 77;
    %add;
    %store/vec4 v00000170ed224110_0, 0, 77;
    %load/vec4 v00000170ed2246b0_0;
    %pad/s 77;
    %load/vec4 v00000170ed2270a0_0;
    %pad/s 77;
    %mul;
    %load/vec4 v00000170ed224ed0_0;
    %pad/s 77;
    %load/vec4 v00000170ed225840_0;
    %pad/s 77;
    %mul;
    %add;
    %load/vec4 v00000170ed224430_0;
    %pad/s 77;
    %load/vec4 v00000170ed228f20_0;
    %pad/s 77;
    %mul;
    %add;
    %load/vec4 v00000170ed224d90_0;
    %pad/s 77;
    %load/vec4 v00000170ed228b60_0;
    %pad/s 77;
    %mul;
    %add;
    %load/vec4 v00000170ed224bb0_0;
    %pad/s 77;
    %add;
    %store/vec4 v00000170ed224250_0, 0, 77;
    %load/vec4 v00000170ed225010_0;
    %cmpi/s 0, 0, 77;
    %jmp/0xz  T_0.30, 5;
    %pushi/vec4 0, 0, 77;
    %store/vec4 v00000170ed225010_0, 0, 77;
T_0.30 ;
    %load/vec4 v00000170ed224610_0;
    %cmpi/s 0, 0, 77;
    %jmp/0xz  T_0.32, 5;
    %pushi/vec4 0, 0, 77;
    %store/vec4 v00000170ed224610_0, 0, 77;
T_0.32 ;
    %load/vec4 v00000170ed224110_0;
    %cmpi/s 0, 0, 77;
    %jmp/0xz  T_0.34, 5;
    %pushi/vec4 0, 0, 77;
    %store/vec4 v00000170ed224110_0, 0, 77;
T_0.34 ;
    %load/vec4 v00000170ed224250_0;
    %cmpi/s 0, 0, 77;
    %jmp/0xz  T_0.36, 5;
    %pushi/vec4 0, 0, 77;
    %store/vec4 v00000170ed224250_0, 0, 77;
T_0.36 ;
    %load/vec4 v00000170ed225010_0;
    %store/vec4 v00000170ed2244d0_0, 0, 77;
    %load/vec4 v00000170ed224610_0;
    %store/vec4 v00000170ed225f20_0, 0, 77;
    %load/vec4 v00000170ed224110_0;
    %store/vec4 v00000170ed225a20_0, 0, 77;
    %load/vec4 v00000170ed224250_0;
    %store/vec4 v00000170ed226ce0_0, 0, 77;
    %jmp T_0;
    .thread T_0, $push;
    .scope S_00000170ed172840;
T_1 ;
    %pushi/vec4 0, 0, 8;
    %store/vec4 v00000170ed22d310_0, 0, 8;
    %pushi/vec4 1, 0, 8;
    %store/vec4 v00000170ed22d4f0_0, 0, 8;
    %pushi/vec4 1, 0, 8;
    %store/vec4 v00000170ed22d590_0, 0, 8;
    %pushi/vec4 0, 0, 8;
    %store/vec4 v00000170ed22d9f0_0, 0, 8;
    %pushi/vec4 6, 0, 8;
    %store/vec4 v00000170ed228d40_0, 0, 8;
    %pushi/vec4 21, 0, 8;
    %store/vec4 v00000170ed229240_0, 0, 8;
    %pushi/vec4 3, 0, 8;
    %store/vec4 v00000170ed2296a0_0, 0, 8;
    %pushi/vec4 18, 0, 8;
    %store/vec4 v00000170ed228980_0, 0, 8;
    %pushi/vec4 253, 0, 8;
    %store/vec4 v00000170ed2283e0_0, 0, 8;
    %pushi/vec4 16, 0, 8;
    %store/vec4 v00000170ed228de0_0, 0, 8;
    %pushi/vec4 253, 0, 8;
    %store/vec4 v00000170ed229380_0, 0, 8;
    %pushi/vec4 12, 0, 8;
    %store/vec4 v00000170ed227da0_0, 0, 8;
    %pushi/vec4 5, 0, 8;
    %store/vec4 v00000170ed2297e0_0, 0, 8;
    %pushi/vec4 250, 0, 8;
    %store/vec4 v00000170ed227b20_0, 0, 8;
    %pushi/vec4 241, 0, 8;
    %store/vec4 v00000170ed228020_0, 0, 8;
    %pushi/vec4 252, 0, 8;
    %store/vec4 v00000170ed2280c0_0, 0, 8;
    %pushi/vec4 240, 0, 8;
    %store/vec4 v00000170ed228160_0, 0, 8;
    %pushi/vec4 247, 0, 8;
    %store/vec4 v00000170ed228a20_0, 0, 8;
    %pushi/vec4 239, 0, 8;
    %store/vec4 v00000170ed228ac0_0, 0, 8;
    %pushi/vec4 248, 0, 8;
    %store/vec4 v00000170ed228c00_0, 0, 8;
    %pushi/vec4 1, 0, 8;
    %store/vec4 v00000170ed2294c0_0, 0, 8;
    %pushi/vec4 0, 0, 8;
    %store/vec4 v00000170ed2279e0_0, 0, 8;
    %pushi/vec4 2, 0, 8;
    %store/vec4 v00000170ed228840_0, 0, 8;
    %pushi/vec4 255, 0, 8;
    %store/vec4 v00000170ed228fc0_0, 0, 8;
    %pushi/vec4 4, 0, 8;
    %store/vec4 v00000170ed22c550_0, 0, 8;
    %pushi/vec4 14, 0, 8;
    %store/vec4 v00000170ed22c7d0_0, 0, 8;
    %pushi/vec4 8, 0, 8;
    %store/vec4 v00000170ed22c910_0, 0, 8;
    %pushi/vec4 15, 0, 8;
    %store/vec4 v00000170ed22c190_0, 0, 8;
    %pushi/vec4 242, 0, 8;
    %store/vec4 v00000170ed22d130_0, 0, 8;
    %pushi/vec4 14, 0, 8;
    %store/vec4 v00000170ed22ca50_0, 0, 8;
    %pushi/vec4 9, 0, 8;
    %store/vec4 v00000170ed22d6d0_0, 0, 8;
    %pushi/vec4 15, 0, 8;
    %store/vec4 v00000170ed22cff0_0, 0, 8;
    %pushi/vec4 1, 0, 8;
    %store/vec4 v00000170ed228700_0, 0, 8;
    %pushi/vec4 4, 0, 8;
    %store/vec4 v00000170ed2292e0_0, 0, 8;
    %pushi/vec4 14, 0, 8;
    %store/vec4 v00000170ed22c9b0_0, 0, 8;
    %pushi/vec4 6, 0, 8;
    %store/vec4 v00000170ed22d950_0, 0, 8;
    %pushi/vec4 5, 0, 8;
    %store/vec4 v00000170ed228660_0, 0, 8;
    %pushi/vec4 1, 0, 8;
    %store/vec4 v00000170ed22d090_0, 0, 8;
    %pushi/vec4 252, 0, 8;
    %store/vec4 v00000170ed227f80_0, 0, 8;
    %pushi/vec4 1, 0, 8;
    %store/vec4 v00000170ed22c870_0, 0, 8;
    %pushi/vec4 252, 0, 8;
    %store/vec4 v00000170ed229060_0, 0, 8;
    %pushi/vec4 248, 0, 8;
    %store/vec4 v00000170ed22bfb0_0, 0, 8;
    %pushi/vec4 14, 0, 8;
    %store/vec4 v00000170ed22caf0_0, 0, 8;
    %pushi/vec4 20, 0, 8;
    %store/vec4 v00000170ed228ca0_0, 0, 8;
    %pushi/vec4 0, 0, 8;
    %store/vec4 v00000170ed2282a0_0, 0, 8;
    %pushi/vec4 4, 0, 8;
    %store/vec4 v00000170ed22c0f0_0, 0, 8;
    %pushi/vec4 14, 0, 8;
    %store/vec4 v00000170ed22d1d0_0, 0, 8;
    %pushi/vec4 8, 0, 8;
    %store/vec4 v00000170ed22cb90_0, 0, 8;
    %pushi/vec4 15, 0, 8;
    %store/vec4 v00000170ed22ceb0_0, 0, 8;
    %pushi/vec4 242, 0, 8;
    %store/vec4 v00000170ed22c4b0_0, 0, 8;
    %pushi/vec4 14, 0, 8;
    %store/vec4 v00000170ed22bd30_0, 0, 8;
    %pushi/vec4 9, 0, 8;
    %store/vec4 v00000170ed22d3b0_0, 0, 8;
    %pushi/vec4 15, 0, 8;
    %store/vec4 v00000170ed22cc30_0, 0, 8;
    %pushi/vec4 5, 0, 8;
    %store/vec4 v00000170ed2291a0_0, 0, 8;
    %pushi/vec4 3, 0, 8;
    %store/vec4 v00000170ed2288e0_0, 0, 8;
    %pushi/vec4 1, 0, 8;
    %store/vec4 v00000170ed227c60_0, 0, 8;
    %pushi/vec4 2, 0, 8;
    %store/vec4 v00000170ed229740_0, 0, 8;
    %pushi/vec4 11, 0, 8;
    %store/vec4 v00000170ed22c730_0, 0, 8;
    %pushi/vec4 249, 0, 8;
    %store/vec4 v00000170ed22d770_0, 0, 8;
    %pushi/vec4 10, 0, 8;
    %store/vec4 v00000170ed22c050_0, 0, 8;
    %pushi/vec4 249, 0, 8;
    %store/vec4 v00000170ed22cd70_0, 0, 8;
    %pushi/vec4 9, 0, 8;
    %store/vec4 v00000170ed22d810_0, 0, 8;
    %pushi/vec4 250, 0, 8;
    %store/vec4 v00000170ed22c5f0_0, 0, 8;
    %pushi/vec4 11, 0, 8;
    %store/vec4 v00000170ed22ccd0_0, 0, 8;
    %pushi/vec4 249, 0, 8;
    %store/vec4 v00000170ed22bc90_0, 0, 8;
    %pushi/vec4 10, 0, 8;
    %store/vec4 v00000170ed22d450_0, 0, 8;
    %pushi/vec4 241, 0, 8;
    %store/vec4 v00000170ed22d8b0_0, 0, 8;
    %pushi/vec4 251, 0, 8;
    %store/vec4 v00000170ed22bf10_0, 0, 8;
    %pushi/vec4 7, 0, 8;
    %store/vec4 v00000170ed22c230_0, 0, 8;
    %pushi/vec4 1, 0, 8;
    %store/vec4 v00000170ed22c690_0, 0, 8;
    %pushi/vec4 17, 0, 8;
    %store/vec4 v00000170ed22ce10_0, 0, 8;
    %pushi/vec4 4, 0, 8;
    %store/vec4 v00000170ed22cf50_0, 0, 8;
    %pushi/vec4 12, 0, 8;
    %store/vec4 v00000170ed22d270_0, 0, 8;
    %pushi/vec4 246, 0, 8;
    %store/vec4 v00000170ed227a80_0, 0, 8;
    %pushi/vec4 10, 0, 8;
    %store/vec4 v00000170ed227ee0_0, 0, 8;
    %pushi/vec4 10, 0, 8;
    %store/vec4 v00000170ed229600_0, 0, 8;
    %pushi/vec4 246, 0, 8;
    %store/vec4 v00000170ed229560_0, 0, 8;
    %delay 10000, 0;
    %vpi_call 2 338 "$display", "L1_1: %d", v00000170ed224750_0 {0 0 0};
    %vpi_call 2 339 "$display", "L1_2: %d", v00000170ed2242f0_0 {0 0 0};
    %vpi_call 2 340 "$display", "L1_3: %d", v00000170ed224890_0 {0 0 0};
    %vpi_call 2 341 "$display", "L1_4: %d", v00000170ed224390_0 {0 0 0};
    %vpi_call 2 343 "$display", "L2_1: %d", v00000170ed224c50_0 {0 0 0};
    %vpi_call 2 344 "$display", "L2_2: %d", v00000170ed224930_0 {0 0 0};
    %vpi_call 2 346 "$display", "L3_1: %d", v00000170ed224a70_0 {0 0 0};
    %vpi_call 2 347 "$display", "L4_1: %d", v00000170ed224570_0 {0 0 0};
    %vpi_call 2 348 "$display", "Output: %d, %d, %d, %d", v00000170ed2244d0_0, v00000170ed225f20_0, v00000170ed225a20_0, v00000170ed226ce0_0 {0 0 0};
    %vpi_call 2 351 "$finish" {0 0 0};
    %end;
    .thread T_1;
# The file index is used to find the file name in the following table.
:file_names 4;
    "N/A";
    "<interactive>";
    "gan_tb.v";
    "gan.v";
